1316788.00
623580.50
723465.00
138221.50
1015610.50
1185582.00
1309681.50
1330794.50
1070961.50
1349822.00
203112.50
862341.50
423943.00
561329.00
1154489.50
405415.50
1359722.00
323097.50
452817.00
828265.00
668368.50
988308.50
653341.50
988155.00
923516.50
1094432.00
1403058.00
1022687.00
479580.50
353973.50
283127.00
499201.50
1008383.00
701458.50
990310.50
945630.00
194490.50
111374.00
1079315.00
316481.50
986284.00
61898.00
265312.00
167777.00
731492.50
463717.00
1216573.50
1309806.00
236556.50
730623.00
643502.50
466377.50
450201.50
491749.00
1165362.00
766246.50
272133.00
875552.00
94390.50
936390.00
503165.00
1047549.50
1525055.50
832947.00
711856.50
856095.00
1522848.50
519938.50
903197.00
20486.00
1132268.00
880637.00
1139273.00
706484.50
423558.50
151940.50
979095.50
1239049.00
606726.50
1532323.50
880899.00
520976.00
1428392.00
960912.50
1253417.50
1377598.00
1152184.00
526079.50
1510188.50
1373472.00
563366.50
437152.00
638315.00
679542.50
436029.00
34606.00
1000896.50
405485.50
719582.00
350080.50
1090487.50
1576313.50
345720.00
116271.50
976815.00
1086420.00
277729.00
24813.50
1139326.50
576390.50
1165426.00
844778.50
825727.50
323293.00
351308.00
187339.00
1256585.50
1202469.50
1315791.50
728743.00
1393916.00
1669145.00
702458.00
859494.50
829639.50
1237910.00
564387.00
848646.50
600012.50
33058.00
334911.50
321765.50
905602.00
1345841.00
516198.00
746567.00
250831.50
1255891.00
1237659.00
1294447.50
97476.50
117055.00
847656.50
1390624.00
286444.00
1119103.00
567076.00
235500.50
1463772.50
1057208.50
1239913.50
599684.00
509688.50
339612.50
1032191.00
146546.50
1227078.00
26995.00
977946.50
566736.00
175632.50
670170.00
852213.50
1164605.00
1158363.50
157387.50
953202.00
1439697.50
789509.50
650342.50
204902.00
992204.00
744624.50
1653896.50
974677.50
1460470.50
1096507.00
482502.50
826568.50
1065090.00
661702.00
574300.50
1197648.00
1013117.50
1473165.50
546357.50
464525.00
1026309.00
1351680.00
268998.00
465524.50
995646.00
1351425.50
457188.00
1319403.50
273220.00
338244.00
252038.00
24005.50
1378557.00
1478686.50
835552.50
54761.00
1112046.00
1242745.50
759567.00
1437913.00
190132.50
444458.50
553921.00
1021952.00
599805.00
663213.00
1332476.50
1362182.50
884584.00
1504046.00
423166.00
570913.00
1034962.00
92877.50
622228.00
66802.00
593664.50
1604808.50
1192282.50
536476.50
96560.50
1350258.00
870986.00
229043.50
434746.50
1294302.00
451537.00
942054.50
1340640.00
681778.50
1058962.00
692673.50
170247.50
500524.00
814898.00
1599270.00
895978.00
517357.00
663634.50
584632.50
902643.00
1438697.00
421723.00
327704.00
864974.50
1423205.00
45087.00
667503.00
405683.50
364067.50
1570337.00
275268.00
1104041.00
305200.50
1379875.50
1140881.50
657218.00
442450.50
276311.00
321876.00
253257.00
1018992.00
231545.50
1299903.00
1259927.00
1009602.50
697514.00
274376.50
106539.50
1240989.50
586674.50
788089.00
888406.00
1533062.50
169365.50
798544.50
1221412.00
453723.50
359528.50
580716.00
754643.00
310059.00
776806.00
315269.50
1298132.00
550429.00
139036.00
1252498.00
425263.00
1005763.00
947227.50
469334.50
1415076.50
37898.00
451912.50
449086.00
970189.00
1319818.00
1167285.50
812286.00
401866.50
655251.50
1398556.50
41695.50
905765.50
1217662.00
791962.00
188372.50
1027088.50
943448.00
1319184.00
1211307.50
1223165.00
985807.00
1310653.00
433395.50
593450.00
272650.00
926192.00
572381.50
919304.00
413625.00
1220389.50
666748.00
411919.00
592893.50
1294830.00
418702.00
1337061.00
712901.50
432115.00
1281250.00
708202.50
1651628.50
584710.00
887227.50
1176082.50
275716.50
209021.50
650028.50
750429.00
1555713.00
765525.00
216181.50
91775.00
286783.00
462423.50
925688.00
705657.00
324407.00
107314.00
1424792.50
1489221.50
730082.00
1160677.50
396792.50
684269.00
892605.50
76116.00
1212365.50
404611.00
568312.50
1156862.00
975618.00
295090.00
605954.50
860325.00
1284501.50
322921.00
433543.50
1167998.00
683531.50
534616.00
639933.00
230827.00
1309041.00
210808.00
1159797.00
1072682.50
452616.50
825428.00
848881.50
9424.00
179232.50
1169420.50
645943.00
1669443.00
916767.00
1199387.50
267746.50
6696.50
287043.50
360518.50
984352.00
1201104.00
1337765.00
847552.00
477785.00
467070.50
170475.50
192464.00
462944.00
156121.50
615224.50
1060874.50
161959.00
521106.00
276318.00
1357445.00
1209347.50
642356.50
616160.00
1465908.00
950732.50
506611.00
1221671.00
1456879.00
909375.00
916648.00
752667.50
388959.50
607666.50
1246573.50
977063.50
1159467.00
189115.50
1127170.50
818269.00
792111.50
205303.50
986580.50
1367404.00
635668.50
337140.00
1408212.50
79662.50
448621.00
1374655.50
578733.00
1474802.00
1270613.00
389018.50
183866.00
74774.00
1214639.00
914371.00
140533.00
1271773.50
346831.00
110978.50
391771.50
1621442.50
13696.00
1064598.50
726554.00
150465.50
974113.50
783006.50
819603.00
665035.00
262291.50
458015.00
874236.50
81317.50
264897.00
1123954.50
517163.00
1271710.00
849905.50
147382.00
560121.50
43627.00
999677.50
477552.00
718537.50
34976.50
1374233.00
1301621.00
351695.50
404019.00
746411.50
741464.50
280238.50
552393.50
1225441.00
902059.00
1042001.50
1291466.50
429014.50
1155455.00
548979.50
646116.50
1161824.50
481410.50
748209.00
1228718.00
877024.50
254749.50
1120541.00
1007756.00
61909.00
1084614.00
192594.50
1114709.00
599168.00
826713.00
882606.50
511162.00
796312.00
1408871.50
1255395.50
455128.50
135794.00
1180397.00
1427769.00
51454.00
1432768.00
406472.50
1349809.50
1281565.00
123364.00
1409868.00
1081662.00
899024.50
710529.50
1482269.50
608552.50
1415465.00
482058.50
742374.00
1328132.50
593810.50
1084710.50
1005169.00
1311574.00
1451089.00
985432.50
892502.50
1060822.00
545723.00
1571211.00
869007.50
914400.00
890079.50
1181434.50
115128.50
687330.50
32258.00
655986.50
25072.50
1152812.50
907298.50
1499836.50
1490224.50
171300.00
1555037.00
18793.00
265437.00
445969.50
278391.50
321217.50
1312229.50
1069666.50
1454784.50
818314.00
1371875.50
302862.00
447307.00
1143192.00
34792.50
774678.00
1094219.00
766590.50
1330929.50
1336717.00
135628.50
249979.00
125411.00
518172.00
1458467.50
984669.00
750807.50
258843.50
123923.00
1484172.00
69577.00
331924.50
741946.00
867298.50
837829.50
828775.00
1529046.00
1364237.00
1654950.00
1275520.00
1647901.50
119608.00
477370.50
992687.00
325429.00
447934.00
204133.00
625792.00
55382.00
819448.00
311097.00
1040536.50
1163492.50
1306557.50
1085826.00
632009.50
1108396.00
1341434.50
644734.00
695607.50
450564.50
316737.50
184505.00
374474.50
362744.00
142142.00
1320081.00
1150650.50
500289.50
358210.00
552901.00
652840.00
1393848.50
1441269.50
62589.00
1310768.00
208654.00
1244301.50
518974.50
424356.50
1151470.50
1103155.00
215111.00
648852.50
120385.00
791385.00
1199389.00
1365468.50
1279612.00
1026335.50
1499885.00
97595.00
752691.00
551405.50
182379.00
655910.00
1213157.00
1113261.50
1228510.00
392588.50
819886.00
107177.50
624756.50
495950.50
777353.00
294090.50
1042373.50
1043343.50
891225.50
1465990.50
1240939.00
1470470.00
1708375.50
248903.00
1241517.50
950145.50
1032935.50
102567.00
403363.50
519836.50
179467.50
205278.00
1533768.50
980277.00
1097828.50
1527265.50
984953.50
988959.50
984097.00
1512234.00
880855.50
1187075.50
1058992.50
1606085.00
935556.00
748911.50
1056700.00
1094500.50
822959.00
1193459.50
70407.00
179682.00
979425.50
551981.00
1057919.00
1249387.00
1493965.50
795740.00
935291.50
551114.00
1514866.00
397028.00
102866.00
306041.50
470605.00
677987.50
743001.50
158018.50
1106145.00
425480.00
117678.50
83097.00
1407181.00
710452.00
1295516.00
635426.50
405022.00
898392.50
1064625.00
913513.00
1090736.50
594764.50
1283474.00
376790.50
295715.00
1388753.50
1117309.00
986267.50
473272.50
520089.50
822082.50
1374291.00
200109.50
1177786.00
1036366.00
1251293.00
765266.50
401945.50
65281.50
1593292.00
56049.50
484836.00
189811.00
955539.00
711375.50
812498.00
1380835.50
1364454.00
612755.50
984544.00
916498.50
559368.50
41369.00
1001250.50
1210005.50
499926.50
544972.00
1410414.50
341599.50
1147477.50
237228.50
650075.00
1012136.00
61469.50
863684.50
236363.50
675065.50
187612.00
1091130.50
476547.50
781902.00
790935.50
808902.00
1101056.00
49852.50
321143.00
1097813.50
361986.50
853746.00
887182.50
1001258.50
1336285.00
384387.00
1205562.00
575024.50
25084.00
1302571.00
939228.00
1283089.00
743238.00
750170.50
695899.00
97917.50
880724.00
777009.50
398532.00
701889.00
707857.50
1242764.50
1226513.50
798933.50
485167.00
724689.50
1226934.50
663018.50
1656722.00
758617.50
1027602.50
1038008.00
120930.50
143810.50
1296414.00
471277.50
1367222.50
142176.50
1193204.00
678622.50
1487592.50
813590.00
832388.50
102590.00
297649.00
867430.00
911334.50
1439582.00
1172385.00
375700.50
1155398.50
1175065.50
126922.00
728033.50
1182175.00
1053866.00
1401540.50
681110.50
559601.00
972952.50
426264.00
389804.50
1067822.00
1400546.50
356089.50
259430.00
756815.50
758667.50
1523617.50
474536.50
1130035.50
560907.00
1453063.00
1157795.00
358199.50
205028.50
476881.50
70460.00
1114798.50
630400.50
1348164.50
369872.50
1277760.50
73414.50
1468771.00
1084648.50
821560.50
775307.50
58059.00
1519890.50
865696.50
1228086.50
1306031.50
1656414.50
156657.50
19702.50
629366.50
854234.00
757783.50
793220.50
584814.00
352629.00
194989.50
714540.00
36340.00
292970.00
1164945.00
65444.50
341956.50
372559.00
36420.00
587380.00
613647.50
831165.00
60086.50
285202.00
291101.50
1413032.50
107079.50
156880.00
1335573.50
766939.00
1443826.50
623089.50
1114508.00
990827.50
915746.00
891311.00
1408846.50
1457607.50
70103.50
427225.00
570006.00
1451458.50
962911.00
210491.50
431008.00
920215.00
269221.50
476471.50
201042.50
484479.50
143419.00
360791.50
1230137.00
952384.50
697096.50
1000197.00
1551921.50
993725.50
811452.50
1276613.50
116731.00
1503176.00
511941.00
484760.00
1260822.50
836163.50
1035106.50
814015.00
758079.50
1240557.00
442941.50
165628.50
743626.50
1029370.50
824295.50
718211.00
494710.50
89793.50
482882.50
1338267.00
220953.50
1351250.50
986570.50
1784010.50
522411.00
920673.50
67752.00
545256.00
631125.00
1187079.00
75226.00
1302281.50
1395726.50
546132.50
137075.50
935478.50
239057.00
1116947.00
1559219.00
332982.00
1148724.00
1055738.00
464742.00
1481947.00
534493.50
913474.50
373145.50
460894.00
248574.50
227510.50
773445.00
708703.00
1170004.50
46173.00
763010.50
1236103.50
41817.00
1282321.50
329424.00
