23421445.00
35635298.50
24340441.50
7700048.50
7782178.00
24452327.50
18921948.50
19017497.50
142237.00
20351236.00
32533164.50
5848044.50
35642213.00
19104591.00
20744120.50
14977010.00
25699904.50
19161527.00
3420400.50
11853977.50
18783429.50
17245105.00
2065737.00
9240173.50
28218620.00
10176983.00
12123838.50
906449.50
4735794.00
13914584.50
34723011.00
7653553.00
15904666.00
20927137.00
32211350.00
26459405.00
27912788.50
9906359.00
36714198.50
27031759.00
27605008.00
24539796.00
32365072.00
2561398.00
24483394.50
68032.50
29043021.50
4556541.00
3598631.00
11749378.00
14966134.50
8097661.50
35415303.00
36184121.00
7772515.00
14303817.00
16521673.00
11635810.00
6671193.50
9879047.00
35373790.50
396632.00
27099614.00
34059477.00
13685760.00
16797692.00
16006501.50
15010891.00
28708840.50
6579848.50
37349561.00
637391.50
3237815.50
32031574.50
13600748.50
13847712.50
32668991.50
27477131.00
21619769.00
35815127.50
6673952.00
4667483.00
5372324.00
5348944.50
15522596.50
13922439.00
9158112.00
11760369.00
32892636.50
2542437.50
32820971.50
26805769.00
26325840.00
14719974.50
19833007.00
1607205.50
28625478.50
33554127.50
34960904.50
25798253.00
18481725.50
18304984.50
5610740.00
16316324.50
11101530.50
7314806.00
30675839.00
22539451.50
26206837.00
13615259.50
3368135.50
36673814.00
25488296.00
14315015.00
12338970.50
14782618.00
24901974.00
19615021.00
15690521.00
17698319.00
30555773.00
27098044.50
28163066.00
15966151.00
30335044.00
10245556.00
8602694.00
14574864.50
14042660.50
15177703.50
18534909.00
21364607.50
13107482.50
20164921.00
34578384.00
15737458.50
3844253.50
10961113.00
2867174.00
25406317.00
32016938.50
1693693.00
22521456.00
20271561.00
20635445.50
23900355.50
17436333.50
22719928.50
28692036.00
15884650.00
46614.00
692315.00
37098515.50
6825678.00
13272522.50
21138294.00
34734030.50
20943422.50
28013975.00
34378068.50
8762668.50
21107867.00
22188531.50
28871542.00
5556708.50
32994073.00
25107706.00
11402132.50
30975119.00
33405983.50
29769232.50
14346322.00
23227145.50
14070215.00
8972342.00
15577449.50
7847946.00
35429806.00
23651419.50
13729347.00
37472288.00
3626143.50
33257285.50
23052770.50
12571406.50
31894687.50
11561211.50
27028169.00
27072814.50
28794884.50
3231031.50
19902487.00
32659071.50
29947614.00
27934494.50
19634991.00
35134313.50
34525956.00
20564374.50
13927458.00
8945955.50
15805387.50
7037182.50
20149767.00
33176743.00
18539402.00
34047116.50
36537190.50
18956412.00
24097007.00
4906950.50
7338470.50
31937549.00
23925720.50
22876355.00
16828731.50
17811651.00
37805396.50
33129587.50
24655211.50
11703563.00
3857217.00
15625284.00
14080155.50
6565002.50
12784270.00
29124449.00
20803136.50
15552584.00
34845568.50
34779766.00
9288559.00
6389563.00
20445310.50
18827851.00
9521115.00
2490651.50
20511007.50
16881346.50
29575902.50
17975201.50
31522748.50
13741491.00
29066084.50
7625347.50
23926474.00
26808723.50
8755704.50
31439148.00
8476262.00
30278151.50
35078821.00
3414557.00
29759138.00
32025772.50
27518809.00
11027707.00
32087678.00
23943195.00
6372251.50
23977229.50
720515.50
7031356.50
1261542.00
24942718.00
4827537.00
15378386.50
33459757.00
25459102.50
23768590.50
2139023.50
32879304.50
21981050.50
18351694.00
7349472.50
35762817.00
35503611.00
36276145.50
29458733.50
16889438.00
27617460.00
35917863.50
29400281.50
5575584.00
31841345.00
33071312.00
16323890.50
13919321.50
20778699.50
5830621.00
17532690.00
372585.00
23550076.00
123376.50
31674277.00
29852335.50
35933599.50
27632809.50
33000708.00
5847658.00
13893002.50
34924798.00
25499091.50
10175391.00
28033661.00
36197134.00
16497413.00
20406627.50
4801840.50
8923727.50
22440683.50
8777837.50
8546424.00
25796305.50
10900451.00
1365753.50
16054181.00
27147158.00
30913724.50
29594298.50
29103641.00
14042011.50
17504270.50
37445690.50
9806838.00
32855808.50
34287511.50
26238512.50
13119323.50
9671182.50
31335703.50
601358.50
3675377.00
8418176.50
13682669.00
14708860.00
3347670.00
33405762.50
15232877.00
14013786.50
19039947.50
31252369.00
12235109.00
18604801.00
32092083.50
13753771.50
8511469.50
14700598.50
365341.50
20403902.50
9373589.50
18369430.50
23073205.00
30669697.00
32371224.00
3824394.00
8258308.00
6147152.50
10860491.00
24703787.00
27775436.00
14227658.00
3438233.50
4770552.00
29126489.00
6752994.50
23019087.50
17951092.50
31128117.50
19357700.00
36188476.50
10999432.50
27391551.00
24891522.50
359673.00
13119800.50
9213665.50
21197941.00
8703069.00
14986363.00
36041723.50
20515226.00
16284256.50
23754649.00
33968596.50
19724676.50
4241638.50
28317075.00
32414139.00
34110223.00
14410282.00
5619912.50
27563329.00
11709477.50
4291011.50
25703071.00
939200.00
13843192.00
6744255.00
14754474.00
31009353.00
17420572.50
16627208.00
28254665.50
18139658.00
8653745.50
27472399.00
20321357.00
11774733.50
34506581.50
13174537.00
11347553.00
30195430.50
9075301.50
33147503.50
17433468.00
28289943.50
11443756.50
9774721.00
20069225.00
30405820.50
13318771.00
29943478.50
26589698.00
18383623.50
10131380.00
34907789.00
9608152.00
13525653.00
23237509.50
20270855.00
20987058.00
25390205.50
18263465.00
13559737.50
34794755.50
27430973.00
389323.00
8335392.00
23224545.50
16521165.00
21490614.00
17470345.50
33880988.00
10738976.50
21938389.50
34045958.00
11552482.00
29414915.00
21444184.00
28189808.00
1512795.00
5587318.50
10731669.50
3420656.00
14158675.00
19130924.50
19137394.50
24310270.00
10689361.00
16309322.50
20219347.00
12719777.00
19641338.50
5465982.00
29629066.00
23035939.00
2697234.00
30497936.50
224480.00
30046441.50
35100145.50
3056443.00
22554881.50
30169330.50
9506219.00
21547565.50
7870426.50
19787494.50
20026775.00
4594797.00
7583078.00
13174658.50
19096681.50
28666251.50
27286983.00
880831.50
18981107.00
16610544.50
16556240.50
24437451.00
11064693.50
12474827.00
36795072.00
28230128.00
14737895.50
5940876.50
18087055.00
33595211.50
21036060.50
21397461.50
4039304.50
25063466.50
1876102.00
23313900.50
29326936.00
10761515.50
31605998.00
18801999.00
2249975.00
23019641.00
12659119.00
15530615.00
16120506.00
13601976.50
6041418.50
19453167.50
6177644.50
18943099.00
9400839.50
36150654.50
24680426.50
25682593.00
30968113.00
24768031.00
31280025.50
30819106.00
21619386.50
6990354.00
22068369.50
36749099.00
17206948.00
27999512.50
942735.50
18918188.50
5867006.00
10963692.50
23810911.50
11094238.00
8974141.50
34479106.50
26970760.00
24571995.50
15909986.50
30324833.50
19939026.00
13518362.00
8473368.00
13903774.00
18264127.00
4889895.00
25661427.50
25140321.50
17533876.50
20290378.00
29929230.50
35879769.50
1812748.50
19699293.00
25365018.50
10929607.50
16653785.50
3071020.50
19175244.50
4113614.50
20759845.00
2094435.00
21129662.50
1409444.50
19726301.00
23016010.00
29460004.50
10231641.50
36736688.50
11021524.00
4938922.00
21264201.00
11066548.50
22516943.50
36578167.00
34968680.50
29800814.00
10141973.50
32766968.00
36975449.50
9431442.00
17694173.00
1065349.00
27085639.00
35213506.50
27759250.50
28375384.50
3087643.50
33907859.00
23280344.00
36230669.00
13007417.00
773526.00
2401417.50
22888882.50
9093043.00
25349225.50
8474592.00
22237834.00
32761147.00
22655109.00
9369426.00
21983294.50
16023987.00
30711018.50
4994801.00
2472533.50
9649084.00
4694447.00
27994571.00
36457702.50
29220377.50
35405724.00
547592.50
7923879.00
25358684.50
7624566.00
27543413.50
859064.50
11954579.50
1515513.00
28288397.00
156898.00
17488626.00
26533863.50
26197928.00
10033401.00
1431763.00
3956850.50
2420078.50
1185249.00
9869830.50
20630152.50
18987500.00
2358009.50
1847151.50
10859983.50
24201367.50
32838647.50
20996170.00
1142491.50
11484186.50
10276162.50
1061158.00
11693644.00
2945955.50
33459357.00
2909872.50
6189579.00
27086175.50
11412991.00
2850162.00
25352018.50
27894398.50
20608144.50
3251431.50
20438979.00
8002185.00
14491959.00
21644299.50
26421825.50
5721752.50
16777015.00
11943321.50
30106402.50
5649087.00
6198042.50
1437579.50
15682547.50
20820089.50
37255225.50
14204997.50
16604459.50
34538047.50
19400281.50
8431945.50
15742954.00
19896226.00
10838787.50
1155033.00
4534546.00
16718706.50
19608409.00
12770386.00
25574962.00
6965359.50
6719057.00
33624150.50
26359030.00
6640121.00
21753572.50
16499676.50
34226677.00
24871365.00
9859713.00
35781753.50
17755025.00
2861975.00
9000355.00
21078842.00
9941247.50
33092902.00
5858788.00
35869472.00
11278472.50
28266189.50
1045142.00
35245650.50
29816579.00
11525322.50
5967442.00
25773946.50
5668676.50
4349552.00
26306643.50
8175962.50
21155029.00
12932361.50
27939591.00
30035459.50
1320903.00
16798356.50
11782787.00
29289197.50
11160188.50
7699388.50
19286770.50
36998990.00
36974061.50
17436163.50
27104663.00
5504593.50
6741090.00
2973818.00
30213454.00
1276805.50
35257953.00
19354448.50
8398634.00
21336630.50
28465481.00
29892931.00
8190939.00
24727333.00
34152168.50
12965102.00
35505830.00
13666731.00
20893978.00
28630130.00
23902845.00
15828600.50
11762679.00
19713335.50
26538110.00
3025923.00
25662324.00
18656354.00
35543795.00
12846616.00
572518.50
27926355.50
668527.50
5828599.50
31200045.00
31052380.00
37466716.50
12282876.00
9345336.50
36806589.00
4136237.50
6450742.00
9760839.50
21998038.50
697337.00
16097820.00
31910557.00
6802205.50
11122661.50
15326371.00
9823550.50
35007153.50
17114530.50
4471305.50
18435212.00
2587861.00
9260922.50
16956298.50
16754786.50
29294081.00
18709488.00
6525302.00
5459323.00
17069223.00
15910058.50
15858124.50
25036027.00
28923147.00
5673571.50
31992773.00
3161041.50
12102763.50
32880564.50
36358616.00
26782760.00
10166696.00
31371115.50
1897587.50
30680777.50
21040940.00
6367354.50
28667012.50
18561519.50
29609701.50
13327826.50
30647309.50
21128202.00
13758074.50
35464837.50
32873154.00
7259561.50
3227660.50
21323158.50
35000879.00
5131847.00
18133422.50
33656564.50
37338936.00
15948801.50
26864499.50
32099008.00
22868312.50
17751814.50
32815004.50
4342112.50
2953887.00
9548220.00
4918648.50
20727920.00
2559329.50
1279123.50
30637643.00
3491612.50
13449362.00
10745301.00
9979187.50
25126318.50
19792459.00
32596300.00
17970603.00
5145053.50
1232399.00
24289228.50
15115576.50
20843496.50
20062563.00
12805629.50
4097883.00
8047422.00
8038458.50
27161832.50
21309524.00
21787884.00
610197.00
28274574.00
2586660.50
19456110.00
11033684.00
8193119.00
17781503.50
16220364.50
14584045.00
29347023.00
28692845.50
23878723.00
30728795.50
649600.50
16063330.50
17298422.00
31739540.50
15984615.00
7494112.00
19114943.00
34037945.00
16917438.00
35880111.00
34833519.50
28332945.50
15358944.00
10271314.50
17397703.00
25889745.50
17796132.50
31874898.00
14307831.00
18477558.00
36840918.00
19681426.50
26954675.50
8443568.50
13933114.00
31919507.50
30751390.00
34342294.00
27689292.00
19662722.50
25138996.00
21413980.50
1422604.00
24834278.50
10258524.50
12546918.00
10698914.00
18037340.00
19521458.00
30417092.00
27826267.00
2124799.00
13434738.00
32117955.00
27943878.00
22854613.00
18096549.50
20726970.00
19209440.50
7229622.00
15427474.50
36152056.00
34397545.00
3271761.50
17305828.00
21251311.00
1252996.00
24080658.50
35974750.00
18295235.50
36870949.00
7733996.50
3043256.00
21246647.50
35332315.00
37040193.00
36770299.00
21291144.50
25198743.50
8713810.50
7291392.00
23666939.50
4163121.50
1632270.50
8201280.50
25718751.50
18851999.50
29989932.50
35116950.00
25724535.50
32875391.50
26446475.00
33969823.50
21746496.50
29212282.00
9431971.00
29198326.50
8383316.50
17082101.00
7527261.50
20938977.00
35933403.50
9908961.00
31895910.50
21264725.00
5081352.50
30896147.50
6100551.50
2881048.50
11568943.00
18803578.00
332404.00
2720143.00
35831448.00
15092950.50
5000829.50
3220154.00
29441931.00
28948930.50
22252938.50
28159555.50
32302394.00
34840402.00
29509309.00
17238813.50
13599283.00
28093128.50
24261651.00
28303249.50
