18637060.00
26827993.00
27776793.50
21914168.00
34169331.00
29035921.50
8420398.00
1345224.50
1571667.00
14865914.00
17616554.00
14945097.50
4804952.00
28575214.00
7923205.50
33709133.00
18636280.00
22369027.00
11893600.50
21139433.50
31989449.50
12066328.00
5779373.00
1449426.00
25500365.50
5670151.00
21098197.50
7949613.50
29136767.00
24402176.00
35149223.00
4703279.50
10329086.00
34796703.50
2054477.50
7488165.00
36152354.50
4822783.00
20941592.00
25575346.00
12498065.50
4191156.00
14791720.50
36717126.50
28658934.00
26801496.50
8127405.00
8444750.00
11882169.00
15429903.00
25851952.50
7185764.00
9990645.50
32021905.00
27690306.50
9603021.50
524105.50
33805234.00
1241978.50
24460846.50
33578329.50
32426440.50
2686943.00
27624913.00
11232623.50
22044072.00
15080583.50
16895286.00
33668656.50
13988114.50
22994517.50
1729111.00
1563863.50
34996922.50
1888712.50
6062853.50
2123332.00
27105311.50
28925068.50
7704999.00
22759001.50
22958421.50
13267187.50
23707365.00
9522404.50
25412464.50
33529777.50
19626116.00
31011674.00
31495515.50
17067784.00
4837239.50
16191833.00
7622959.50
6405105.00
35753292.50
1427017.50
33346951.50
33578135.00
20594738.00
