199721.00
166549.50
96868.50
220171.50
129784.50
130734.50
27757.50
32294.00
132313.00
66334.00
57825.00
113295.50
61456.00
51572.50
106620.50
65128.00
45423.50
55832.50
149763.00
89328.00
94460.50
21517.50
128117.50
166430.00
191067.00
81714.50
65061.00
163109.00
65778.50
59424.00
70841.00
161522.00
53344.50
145503.00
33671.00
143366.00
42435.50
127291.50
80326.00
70666.50
135933.50
9003.00
100035.00
91596.00
47095.50
113104.00
143702.50
133918.00
28491.00
99891.00
27533.00
122664.50
12923.50
87054.00
38061.00
40181.50
118881.50
47020.00
20830.50
48896.00
101670.50
104714.50
112805.50
2534.00
20516.00
112488.00
181844.00
106029.50
33390.00
36196.00
78974.00
63276.00
46619.50
42299.00
115436.50
24607.00
59458.00
37964.00
184711.50
96600.50
145665.00
83031.00
219044.00
113368.00
151911.00
27108.00
90760.00
115863.00
80797.50
27347.50
61597.00
119372.50
113819.00
53187.00
44453.00
77586.50
13166.50
83843.00
51828.00
21766.50
87073.00
74917.50
139559.50
11758.50
31709.50
89717.50
106861.00
13324.50
104135.00
84804.50
2255.00
23624.00
211908.50
81884.00
28322.00
30883.50
139730.50
95360.00
84809.00
89187.00
20078.00
170828.50
81619.50
103872.00
130305.00
26998.00
26427.50
75734.00
39206.50
114413.50
8568.00
116284.50
140624.50
144577.00
157936.00
174371.50
67709.00
122485.00
11850.50
108518.00
19966.50
3366.00
112306.50
140613.50
58150.50
120975.00
82542.00
69756.50
80781.00
89786.00
127784.50
53463.50
11210.00
80660.00
15270.00
56847.00
95358.00
46728.50
56256.50
116049.00
17530.50
130999.50
67859.00
140287.50
74058.00
158454.50
133913.00
157768.50
137212.00
55719.00
12502.00
68777.50
48790.00
74766.00
102759.50
10577.50
45863.50
117272.00
15270.00
112441.00
19421.50
23726.50
86348.00
15064.00
145546.50
107189.00
133951.00
90205.00
97005.00
10132.00
79723.50
6636.50
104770.50
159227.00
84331.50
69883.50
11564.50
116831.00
103737.50
61780.50
54562.50
53868.50
140117.50
134101.50
52560.00
9663.50
64403.50
9485.50
57250.50
155802.50
55321.00
38460.00
99317.00
30266.50
116967.00
62632.50
113470.50
4566.00
14739.00
19584.00
89287.00
40676.00
73255.00
53435.00
73619.00
155067.50
78274.00
37179.00
52332.50
30227.50
148278.00
11626.00
25364.50
16137.00
81474.50
151569.50
33547.50
69760.00
16796.00
76748.00
35057.50
144750.50
15047.00
49337.00
5159.50
179693.00
105193.50
26954.50
82407.50
114141.00
6281.00
128856.00
54985.00
16373.50
172618.00
70633.00
98161.50
114797.50
61972.00
32637.00
47611.00
31960.00
152808.50
69583.50
78679.00
5991.00
76867.50
121695.50
11758.50
88158.00
46826.00
41735.00
20925.00
35093.00
75013.50
24280.00
25018.50
125245.50
60051.00
3376.50
116287.00
17218.50
92251.00
170804.50
57907.50
46678.00
29682.50
78696.00
32440.00
8878.00
40998.00
101727.00
78293.50
33643.00
172193.50
27860.00
124338.00
40049.00
22356.00
3880.50
2309.00
90047.50
128333.00
54368.50
20450.00
104713.50
147801.00
39629.00
102568.50
79160.50
97705.50
7259.50
34592.00
8899.00
58752.00
101331.00
133991.50
54585.00
171985.00
44655.50
24066.50
205091.00
14516.00
188670.00
96290.50
97670.00
80402.00
79387.50
80072.00
17221.50
101542.00
60211.50
44889.50
43245.00
129104.00
31018.00
118652.50
99089.00
131417.00
59055.50
146485.50
105423.50
125468.50
92151.00
55685.50
119893.00
175600.50
73517.50
68440.00
60482.00
60097.00
136375.00
15104.50
110988.00
104679.50
89966.50
108138.00
77084.50
123838.50
153748.00
128049.00
123467.50
163508.50
65389.50
130279.00
11917.00
97100.00
121713.50
46676.00
57419.50
41680.00
41025.50
50665.50
86963.00
181091.50
21596.50
72264.00
21264.50
186173.50
9862.00
81107.50
111409.50
9422.50
102880.50
27555.00
141592.00
38678.50
92678.50
25788.00
124256.50
10709.00
63288.00
97434.00
55013.00
74462.50
56023.50
26818.00
29357.50
57302.50
132879.50
108218.50
104832.00
28364.50
31881.50
77619.50
109464.50
24101.50
15017.00
125923.00
66183.50
83983.50
194277.00
24749.00
55593.00
129582.00
105321.00
142800.50
93658.50
51570.00
144348.50
144783.50
24490.00
149820.50
59958.00
15029.00
77198.50
26414.00
140879.50
158148.00
82803.50
170491.00
78450.50
104902.50
125073.00
145597.00
155836.00
35805.00
169894.50
27481.00
102672.50
32913.00
142669.00
94995.50
48983.50
21377.50
128925.00
81660.00
69980.50
44055.50
121112.50
49019.50
64120.00
182883.50
43641.50
110153.00
83606.00
25101.00
100831.00
58710.00
143364.00
77753.00
138668.00
104072.50
107797.00
230371.50
61056.50
65131.00
16914.00
79697.00
34452.00
54037.00
91772.50
94411.00
36934.00
19449.00
132324.00
19624.50
4011.00
154382.00
13861.50
85091.50
30644.50
18180.00
68209.50
110445.00
58643.50
81300.00
185942.00
172935.50
91977.00
156631.50
54429.50
86366.50
53943.50
132453.50
120408.00
183303.00
178348.00
17457.00
50612.50
24302.00
28957.50
126827.00
157413.50
105630.50
162535.00
125342.50
158133.00
77934.00
70048.00
74070.50
142832.00
24588.50
128233.50
64028.00
130143.00
217247.00
86279.50
8432.00
8449.50
15388.00
71963.00
115737.00
33520.00
133542.50
155307.00
109953.00
99916.00
152766.00
34502.50
138416.50
115927.00
61389.50
54192.50
35815.00
133727.00
145868.50
39089.50
89506.00
131350.50
70807.00
81344.00
38798.00
90475.50
25844.00
24253.00
112322.50
32209.00
160319.00
13792.50
102220.50
58667.50
156607.50
44885.50
118635.00
65080.50
116306.00
47696.00
91781.00
84567.00
211456.00
111374.00
152313.50
91715.00
61037.50
10693.50
73721.00
110697.50
5717.00
90647.50
95873.50
49089.00
5711.50
116414.50
109324.50
35004.00
136331.50
24352.50
67772.00
149313.50
139343.50
77813.50
284964.00
131318.50
87372.00
44744.00
57552.50
77385.00
59731.50
87893.00
149286.00
66777.00
6220.50
7286.00
2572.50
11480.00
38106.00
68403.50
63276.00
60893.50
109458.00
159168.50
195038.00
24529.00
97704.00
99502.50
14934.00
44833.50
121419.50
5699.50
95376.50
83791.00
48610.00
97296.50
165355.50
129745.00
96980.00
110710.50
42457.00
157055.00
97704.00
33281.00
73008.00
51273.00
110398.50
71077.50
40763.50
124049.00
96510.50
175331.50
97065.50
82168.50
87649.00
18790.00
35892.50
78388.50
104655.50
94977.00
63961.50
89663.00
3133.00
129797.00
65761.00
68105.50
28067.50
151111.50
215084.50
164559.50
145342.50
117242.50
70152.00
20682.50
86706.50
47451.50
129635.00
88717.00
53726.00
185966.50
96939.50
53933.50
180584.50
145596.50
32481.50
31981.50
63661.00
99585.50
105642.50
176905.00
51574.50
85869.00
58350.00
26893.50
138865.00
61375.50
147382.00
146962.50
145789.00
23861.00
168852.00
24936.00
102604.00
59077.50
233107.00
45563.50
67026.00
63877.50
162284.00
105754.00
95016.50
97172.00
117151.50
78571.00
229109.50
31585.00
126342.00
47303.00
14907.00
52422.50
104192.50
26772.00
26984.50
79547.50
139116.00
61920.00
16988.50
169763.00
41937.00
74731.50
12422.50
129971.00
4659.50
100347.50
85307.00
25939.50
152099.50
168660.00
48980.00
32521.50
135468.00
46048.00
205228.00
22558.00
219241.00
72238.00
17349.50
99636.00
101073.50
41432.00
73053.50
31323.50
83802.50
15884.50
93760.50
91400.50
164269.50
69176.00
15174.00
58729.50
147019.50
75023.00
185651.00
128429.00
195040.50
77110.50
73432.50
6790.00
38300.00
95827.50
69996.50
38946.50
121936.50
136117.00
115093.00
74128.00
132005.50
98689.50
167756.00
154859.50
51811.00
77331.50
83058.00
66711.50
17398.00
110957.00
18614.50
75298.50
122265.50
33650.00
34358.00
94681.50
121402.50
31786.50
54812.50
80789.00
18939.00
71502.00
116485.00
98380.50
119075.00
62994.50
71751.00
60648.00
119183.50
147943.50
11679.00
77807.50
110310.50
14680.50
17462.00
14092.50
88653.00
51552.00
131507.50
15216.00
83822.00
61913.50
80353.00
91277.50
15614.00
54490.00
17367.00
36043.00
29602.50
98006.00
95366.00
153277.00
148138.00
76456.00
119561.00
20760.00
54328.50
102890.00
33750.50
117148.50
55117.50
145601.00
35583.50
60843.50
51279.50
63227.00
48872.50
108426.50
106341.00
48717.50
49132.50
71048.50
14694.50
182633.00
193732.00
85855.00
43842.50
124812.00
87187.50
184954.50
86219.00
88330.50
28051.50
134672.00
68215.00
88879.00
20254.00
24951.00
103618.00
47127.50
160232.00
39263.00
8381.00
92730.50
135626.00
124820.00
32522.50
12355.50
137682.00
146184.50
144825.50
98041.00
48981.00
7327.00
74847.00
18905.00
69329.00
143306.50
7386.00
59185.00
77733.00
40952.50
50376.50
41954.50
114638.50
124116.50
21500.00
40327.00
18336.00
97834.50
6022.50
68375.50
81309.00
81015.00
143318.50
143408.00
116486.50
15393.00
193550.00
87500.50
103990.50
118527.50
154253.50
6501.00
121111.50
83198.00
21099.00
152587.50
122784.00
3024.00
22798.00
89138.50
100051.50
93155.50
113909.50
168555.50
148659.50
90006.50
15290.50
63082.00
88491.00
151901.50
82433.50
171231.50
11756.50
139553.00
151020.50
174192.00
13790.00
16226.00
24921.00
24486.00
37619.50
58773.00
89118.50
86187.50
8293.50
76344.00
91742.00
41442.50
117286.00
78081.00
59020.50
98528.50
5339.00
88872.00
142827.00
12526.00
119120.00
40380.50
65371.00
79069.50
16953.00
53962.00
115223.00
155929.50
84426.00
88777.00
23615.00
61379.50
138735.50
115949.50
9855.00
88481.50
14652.00
57741.50
24842.50
46631.50
131745.50
91851.00
25367.50
158673.50
99164.00
79323.00
8201.50
106132.50
174140.50
33641.50
63705.50
131950.50
163439.00
55002.00
107654.50
49544.00
77746.50
28472.50
12202.00
77221.50
96791.50
124035.50
141646.00
22607.00
131728.50
46764.00
91980.00
163322.00
90377.50
103372.00
22432.50
117955.50
23097.50
62200.00
69995.50
31830.50
48948.50
123658.50
97768.00
44822.50
60801.00
132496.00
121445.00
76833.00
46988.50
74967.00
24207.50
11499.00
