43589145600
653837184000
181440
177843714048000
10461394944000
1
1814400
1814400
2520
181440
24
177843714048000
3201186852864000
1814400
1
10461394944000
653837184000
19958400
10461394944000
12
2520
653837184000
20922789888000
1814400
3201186852864000
60
653837184000
60822550204416000
1
43589145600
3201186852864000
3201186852864000
653837184000
177843714048000
1814400
20160
3113510400
1
1
60822550204416000
19958400
24
1
60822550204416000
177843714048000
10461394944000
1
2520
12
653837184000
1814400
1307674368000
3
2520
2
20160
177843714048000
3201186852864000
19958400
19958400
60
2520
60822550204416000
1
12
2
177843714048000
3201186852864000
60822550204416000
2520
20160
19958400
20160
1
12
177843714048000
60822550204416000
2
239500800
43589145600
181440
720
2520
3201186852864000
2
10461394944000
43589145600
1
2
2
181440
12
1
60
3113510400
653837184000
19958400
12
360
2
