103
85
86
161
144
266
195
172
146
188
90
176
136
266
109
108
38
152
126
95
134
80
134
116
56
70
158
200
278
97
74
234
68
71
260
234
54
135
178
104
90
62
134
140
230
90
82
59
218
206
194
64
274
166
124
134
110
243
178
36
107
116
190
84
114
170
68
254
74
35
96
146
158
62
174
250
220
65
111
128
160
164
70
116
334
275
134
174
157
62
89
150
194
160
63
132
206
254
130
464
149
116
98
102
188
256
282
210
92
110
194
146
195
224
100
171
204
224
62
170
174
128
97
56
126
98
152
112
164
86
36
126
26
220
194
64
95
50
140
68
26
98
50
116
91
54
290
158
82
130
76
68
137
54
118
100
148
138
218
140
109
274
27
104
264
220
224
176
78
98
134
240
35
55
182
218
174
174
107
116
158
89
29
290
108
60
26
168
155
26
176
228
122
236
224
186
76
60
236
218
248
170
140
50
158
185
88
87
188
170
128
182
34
202
89
132
95
94
158
236
109
150
134
254
83
58
160
146
288
294
151
72
34
116
180
82
236
86
136
55
62
112
65
354
71
111
202
278
54
113
50
46
92
164
150
33
74
92
98
115
212
116
104
146
116
41
176
83
50
152
70
65
270
194
238
164
98
106
126
152
212
28
95
44
284
90
219
202
104
80
50
83
100
114
122
282
188
76
144
90
200
92
26
150
104
172
291
218
140
77
71
110
154
248
172
188
40
118
284
104
194
112
114
219
74
444
98
272
69
113
34
118
174
34
116
45
112
154
176
188
235
132
184
131
158
108
69
284
98
254
118
34
122
146
104
164
146
136
218
218
134
128
44
284
154
99
134
272
224
142
24
115
122
68
106
194
80
38
114
284
188
195
170
148
98
134
234
42
34
194
168
98
150
230
240
52
219
258
147
198
97
39
62
149
108
89
154
211
160
33
186
195
88
156
188
164
344
155
92
38
137
93
34
176
149
88
90
212
116
105
230
62
108
170
102
131
178
134
198
134
194
86
80
344
126
112
164
96
242
178
124
92
100
248
40
144
86
259
122
211
161
74
113
136
182
120
174
104
236
28
88
96
244
194
86
210
43
108
118
222
188
140
74
146
260
110
242
86
100
314
264
38
38
4
198
163
132
116
222
200
78
108
194
75
86
103
89
146
136
42
114
344
150
122
274
284
82
86
140
242
200
139
126
227
104
152
83
130
156
219
272
274
115
236
88
28
242
284
93
71
124
124
124
260
194
212
87
248
94
32
12
122
166
270
140
154
219
94
284
104
194
214
108
120
176
124
174
212
98
90
107
54
212
188
234
107
62
110
218
264
125
154
200
146
200
86
228
148
98
68
58
176
158
101
134
224
174
96
35
218
278
154
260
286
85
120
123
124
254
154
124
290
150
62
87
110
304
35
91
68
90
159
130
170
49
139
236
224
98
206
92
33
176
106
116
100
194
118
284
152
210
234
162
276
146
130
134
194
149
74
67
116
134
44
116
144
187
162
152
159
14
124
147
272
120
107
248
158
260
254
98
274
278
78
186
70
202
70
284
90
65
150
52
112
134
209
194
144
168
74
414
182
84
274
78
152
132
147
104
230
178
152
51
146
149
184
218
108
174
304
106
116
99
158
220
84
248
234
110
106
103
91
94
98
104
200
51
260
206
116
242
164
248
94
218
162
334
204
106
35
155
158
54
154
242
260
81
198
204
102
171
137
162
105
182
147
66
200
108
28
84
94
80
58
254
56
164
242
158
124
200
116
182
278
278
146
144
160
74
150
161
71
58
134
174
170
164
151
71
72
119
136
85
26
236
194
20
134
161
164
374
354
131
324
134
71
236
296
50
90
72
234
106
158
218
230
227
254
132
106
90
111
24
170
50
83
162
192
110
160
242
113
71
87
170
243
32
56
266
174
60
180
224
254
194
266
107
125
160
188
98
113
178
414
50
76
94
72
114
254
82
118
164
278
224
272
52
236
92
40
90
134
176
224
113
173
137
94
224
240
105
116
144
113
98
125
260
158
107
198
62
164
230
154
47
214
198
118
126
96
212
176
74
126
240
102
99
76
184
138
152
212
57
260
115
218
248
112
2
134
118
226
116
154
254
101
248
184
90
27
120
163
108
137
103
195
90
142
180
82
64
155
254
120
90
134
156
144
194
173
72
56
194
62
142
128
46
62
90
166
84
212
214
86
20
60
64
188
414
186
174
54
12
96
41
98
55
214
114
144
142
102
220
235
190
230
92
42
38
80
230
146
92
108
152
288
242
314
156
101
