160
129
10
106
248
186
79
123
86
144
62
131
116
148
146
48
204
118
182
154
260
2
152
152
195
296
152
79
200
214
200
132
126
242
146
196
434
190
194
104
140
59
111
118
40
122
123
195
202
104
282
119
32
136
173
74
82
84
134
113
230
146
230
130
170
118
32
260
124
200
88
122
260
26
158
150
174
71
14
266
278
155
56
218
117
54
149
94
248
200
278
64
41
272
56
76
69
163
98
108
46
206
89
86
98
176
190
98
11
77
185
218
104
248
100
74
242
118
188
218
46
194
116
35
214
110
204
142
152
240
146
104
113
104
192
198
248
186
120
54
92
254
266
122
188
173
104
242
96
14
98
82
114
84
206
176
182
204
149
67
114
111
134
198
83
32
86
69
104
44
244
110
69
232
124
98
115
89
44
274
164
130
136
242
87
167
204
128
290
44
109
188
324
32
34
76
200
55
94
68
76
70
148
176
67
139
86
50
394
142
200
212
148
116
154
148
116
216
70
206
43
120
19
54
94
260
232
211
236
155
50
77
254
284
98
80
154
102
168
66
134
244
152
75
196
110
236
240
130
84
64
164
260
59
176
176
134
156
56
224
152
86
44
132
197
178
266
184
104
65
230
216
139
290
220
82
29
120
186
134
71
264
224
87
174
254
274
134
66
176
166
248
176
226
92
98
163
212
182
190
164
188
66
150
74
152
32
192
44
120
114
304
56
204
110
146
204
104
155
92
89
74
153
272
124
124
132
149
266
126
114
230
60
195
50
104
139
114
152
58
146
174
128
131
184
206
274
26
134
118
46
194
156
116
126
188
194
76
104
53
182
81
96
54
64
146
134
70
30
226
158
150
129
164
103
186
146
62
90
254
236
74
50
60
29
118
200
209
116
246
354
224
58
68
62
184
111
174
136
70
62
106
98
114
72
134
188
92
132
114
260
114
168
64
224
143
89
266
97
206
234
26
230
264
52
198
80
39
24
97
140
22
188
116
43
202
71
113
296
134
278
34
254
156
190
260
248
126
50
162
104
94
35
192
52
107
150
16
282
128
204
114
102
124
106
182
92
86
200
10
128
187
224
110
214
116
128
192
164
200
284
216
164
244
78
224
264
176
114
194
94
142
123
114
100
40
100
118
218
158
115
122
38
149
99
154
117
154
200
266
176
32
40
194
35
86
188
54
227
74
91
78
140
105
148
200
294
256
256
108
158
202
164
46
254
464
80
15
178
238
244
134
128
20
272
198
14
164
55
176
86
112
104
126
281
78
184
170
182
22
128
209
174
200
112
42
214
86
157
158
222
138
284
212
364
122
236
58
224
186
278
136
272
88
186
132
94
235
203
74
154
170
184
59
132
270
260
66
80
98
218
103
82
218
294
206
242
116
76
176
172
55
266
32
92
134
140
272
270
244
54
50
206
198
198
64
130
89
2
233
106
134
161
364
125
148
58
150
83
298
164
84
147
364
74
138
40
216
152
194
96
101
84
94
232
218
82
224
176
24
138
104
14
86
86
38
110
92
248
248
183
243
220
86
60
122
200
18
4
34
138
100
242
110
182
108
50
154
123
103
168
114
84
170
248
64
182
104
254
94
73
184
76
172
110
127
72
156
20
296
53
78
155
96
160
51
72
194
60
170
76
184
114
219
42
150
254
274
144
122
8
74
266
230
52
154
46
206
92
174
57
200
176
110
172
153
98
102
79
204
98
180
52
214
38
144
86
150
266
230
104
174
148
108
26
88
114
91
140
166
242
185
98
230
174
139
101
96
274
82
152
88
55
80
182
284
354
212
218
78
38
242
104
104
150
218
161
210
104
122
290
264
219
116
74
98
290
154
114
186
172
74
135
206
116
202
147
137
152
116
67
182
174
152
152
250
142
152
178
84
122
161
187
254
62
86
115
68
72
13
104
88
106
98
37
218
90
86
52
212
122
80
195
204
94
88
64
344
154
148
176
58
86
278
160
203
254
99
168
161
184
240
146
116
86
196
114
42
136
27
104
266
65
278
68
66
64
134
138
57
62
114
159
82
56
268
163
178
284
134
206
99
77
125
98
102
58
296
90
118
102
164
102
140
124
86
134
86
128
94
80
100
116
170
75
100
267
134
110
77
62
182
44
202
142
128
236
186
128
232
124
66
224
254
104
30
152
124
104
89
234
260
170
121
76
224
98
264
92
74
130
54
284
146
116
6
235
132
104
90
29
174
71
200
110
81
125
214
182
20
182
236
44
194
228
52
182
198
242
62
100
114
206
176
154
86
128
139
104
134
