48
122
139
79
162
176
98
122
48
354
120
127
139
174
210
178
176
70
214
208
230
71
96
101
79
102
152
64
182
130
162
170
112
164
160
142
126
200
212
242
174
162
89
162
186
99
39
147
296
314
278
98
123
152
54
56
111
131
228
210
89
125
98
130
92
134
38
116
124
128
136
96
118
118
150
184
106
182
124
68
154
44
290
110
206
259
173
222
137
70
128
214
118
104
168
90
103
113
200
154
224
98
90
94
144
88
114
98
206
89
149
38
4
198
98
224
60
96
260
74
102
104
104
196
236
200
106
188
200
118
290
130
170
54
260
59
94
186
194
140
69
194
234
211
116
118
44
122
128
170
248
106
251
104
234
77
104
131
374
104
234
206
197
206
130
200
104
184
64
228
254
324
54
158
73
124
28
10
364
152
67
158
194
117
80
208
190
33
158
104
98
214
162
230
42
108
156
162
104
188
128
34
146
116
110
296
25
170
194
178
248
74
65
44
44
89
126
242
103
100
152
28
162
62
173
122
138
104
65
254
136
171
174
70
238
74
158
254
224
34
144
116
120
162
209
228
118
200
47
134
158
94
94
209
160
3
20
266
154
236
204
166
160
128
104
100
56
108
278
234
86
128
254
84
214
166
394
76
42
204
202
104
278
78
242
76
228
74
158
224
56
113
186
156
206
170
56
140
110
76
102
268
86
164
80
89
257
56
284
290
206
354
34
206
174
290
130
254
116
294
144
80
118
94
42
132
66
230
44
29
284
220
90
98
164
334
170
194
53
155
104
27
56
59
128
109
149
74
163
182
114
212
221
186
134
220
114
98
109
194
124
149
23
194
296
374
84
72
149
290
240
66
104
68
164
200
46
202
116
84
170
155
137
134
314
187
164
42
170
82
22
110
224
144
58
233
132
104
90
65
134
102
245
94
68
80
186
118
14
124
140
62
120
248
89
66
44
38
114
96
14
112
214
296
224
182
122
88
55
125
200
62
128
96
161
180
204
154
80
120
134
194
94
76
76
102
52
156
138
72
156
98
146
4
84
100
140
184
226
120
194
88
104
25
214
76
160
218
110
216
140
63
230
150
158
194
65
68
83
194
89
18
52
182
140
218
227
139
49
260
294
49
260
172
146
77
188
72
212
178
248
238
103
116
140
200
146
102
134
87
144
168
80
155
156
74
129
126
140
173
152
63
120
278
180
194
89
92
152
140
112
162
62
195
140
182
21
80
228
194
222
164
110
62
230
76
194
94
56
132
154
122
99
434
290
20
264
187
126
32
68
128
204
186
254
32
304
174
164
72
28
164
104
69
134
51
144
134
158
266
74
44
158
154
260
196
254
114
44
314
188
354
78
197
72
204
266
194
62
76
158
110
142
138
104
50
126
158
125
100
195
74
80
290
70
278
111
110
139
72
42
122
190
290
266
234
76
206
132
59
194
43
68
27
266
140
103
290
272
248
140
164
99
220
202
138
55
214
104
182
188
26
190
140
134
252
260
52
106
56
54
238
101
134
152
204
184
87
296
84
88
210
212
51
176
64
80
96
48
48
80
186
170
49
116
136
68
101
149
65
242
102
104
112
161
80
124
150
134
118
188
236
144
106
56
262
176
171
84
27
110
22
236
91
26
92
151
219
158
94
200
116
92
110
144
104
222
148
134
284
266
134
178
110
98
246
245
134
120
214
116
254
243
180
76
68
80
104
290
98
126
110
138
208
140
138
114
236
203
197
98
146
254
96
228
296
182
254
230
33
84
43
89
190
125
139
132
222
64
38
195
234
112
17
164
47
104
198
127
80
296
108
254
68
296
146
284
146
116
216
68
152
60
128
60
164
154
18
26
104
242
194
100
188
84
186
202
107
244
186
206
96
290
150
290
141
98
89
106
124
86
82
174
146
194
197
296
70
116
40
128
294
180
96
147
122
155
142
84
67
178
72
186
58
128
164
224
204
80
275
82
43
17
134
97
230
62
86
102
84
147
233
162
76
122
91
139
90
94
59
152
90
60
140
257
188
284
22
5
178
80
114
34
62
27
160
116
184
74
94
41
138
92
218
88
65
246
67
91
138
56
102
242
194
266
190
136
260
185
240
120
190
254
124
178
26
140
90
48
96
86
162
200
52
166
124
204
80
48
154
120
187
244
202
147
414
194
202
118
113
291
146
248
107
110
202
54
208
203
224
76
126
102
124
122
84
92
214
126
296
178
160
22
80
38
176
134
62
98
158
121
187
52
170
104
182
1
132
38
150
110
102
39
98
162
111
154
124
74
274
