480
150000000
60000000000
45000000000
20000
3000000000000
120000000
5600000000000
60000000
4200000000
25000000000000
2100000000000000
1200000000
160000000000
630000000000000
8000
8000000000
200000000000000
720000000000000
10000000
60
40000000000000
16000000000000
7200000000000000000
350000000000
27
16000000000000
350000000
6000000000000
1000000000000
480000000000
100
3600000000000
210000000000000
160000000000000
56000000
8000
2400000000000
600000000000000
360000000
100
180
810000
45000000000
90000000000
4000000000000
300000000000000
350000000
540
48000000000
7200000000
100000000
2000
900000000000
5400000000000
1200000
40000
40000000000
500000000000
6000000000000000
810000000000000
540000000
300000
10000000
24000
9000000
3600000000000000000
100000
40000000000000
16000
42000000000
600
3500000000
32000000
90000
80000000000
800000000
1400000000000000000
70000000000
4800000000
3200000000000
4200000000000
90000000000
360000000000
320000000000
20000000
2800000000
400000
120000000
9000000000
180000000000000000
80000000000
270000
54000000000000000
72000000
7000000000
7000000000
5000
90000
100000
360000000000000000
1200000000000
100000000000000
80000
150000
4000000000000000
600
18000000000000000
8
50000000000
6000000
420000000000000
400000
320000000000
28000000
640000
40000000000000
420000000000000
450000
3600000
900
6000000000000
360000000
240000000000
2700000000
80000
3200000000000
800000000
9000
100000000000000
60000000000
3600000000
3600000
4000000000
150000000000000
6300000000
15000000000000
3200000000000000
360000000000
900000000000
90000
2800000000
2800000000
5600000000000000000
900000000000000000
100000000
2000000
400000000000
600000
1200000000000000000
60
210000000
490000000
640
5000000
20000000000
18000
70
90000000000
1000000
56000
32000000
63000
36000000000000
900000000000
600000000000000000
70000000000000000
100000000
80
180000000000
4800000000
18000
6000000000
21000000000
2700000000
10000000
3600000000000
36000000000
48000000000
540000000
2100000
24000000000
4900000000000
24000000000
40000000000
30000000000
4900000000
180000000
180000000
8000000000
280000000
4900000000000000
4500000000
5600000
1000000000000000
560000000000000
1400000000
3600000000000000000
120000000000000000
32000000
1600000000
3600000000000
24000
1500000000
80000000000
1500000000000
80000
24000000000000
7000000
6400
32000000000
18000
80000000
600000000000000000
420000000000000
20000000000000
200000000000000
640000000000000
270000000000000000
3600000000000000000
400000
4800000000000000000
1500
10000000000
54000000000000000
800000000
7000000000
280000000
1800000000000000
4000000000000
20000000000000000
500000000000000000
4500000
35000000000000
8100000
240000000000000
25000000000000000000
2700000000000000
60000
360000000000
14000000
210000000000000
1800000
240000000000000
42000000
640000000000000000
4000000000000000
63000000000
2500000000000
45000000
2100000000
3200000000000
7000000000
32000000000000
12000000000
180000000000000000
16000
4000000000
180000000
320000
150000000
800000000000000
7200000000000
250000000000000
2700
2400000000000000
24000000000000000
24000000000
27000
800000000000000
140000000000
800000
1500000000000
6000000
40000000
2800000000000000000
3000000000000
12000000000000
1600000000
6000000000000000
72000000000
3600000000000
12000000
6
600
2400
15000
9000000
700000000
700000000000000000
80000000000
1600000000000
45000000000
600000000000
420000000000
6000000
2400000000
35000000000000000
18000000000
16000000000000
5600000000000000
800000000000000000
400000000000
45000
48000000
200
800000000000000
1800000
12000000000
20000000000
420000000000000
40000
400000000000
63000000000000
200000000000
270000000000
500000000
800000000
400000
9000000000
560000000
60000000000
120000000000000
24000000000000
5600000000
56000000
5600000000
4200000000
8000000000
80000000000
5600000000000
5400000000000000000
15000000000000000
480000
3200000000
18000000
4500000000
45000000000000
240000000000
24000
600000
180000000000000
35000000000
200000000
80000000
120000000
27000000000000000000
200000000000000000
9000
27000000000
12000000000000
120000000000
560000
630000000000000000
560000000000
42
7000000000000
1400000
600000
200000000000000
600000
630000000000000
4900000000
28000000000000
10000000000
36000000
90000000
7000000
4000000000000
3600000000
700000
720000
600000000
270000000000000000
400000000000000
80000000000
4900000000
4000000000000
5400000000000000000
1800000000000
320000000000
150000000000000
4000000
160000000000
63000000000
1200000
16000000
12000000000000000
900000000000000000
80000000000
900000
16000000000000
5400000000000
900000000
300
18000000000000
6000000
3200000000
200000000000
180000000000000
700000000000000
700000000000000000
24000000000
8000000000
420000000000
700000000000000
48000000000000
18000000000000
210000000000000000
210000000000000
28000000000000
18000000000000
8000000000000000
18000000
1000000000
6000000000
90000000000
3500
1600000
18000000000000000
720000
490000000000000
40000000000000
60000000
100000000000000
90000000000000000
4000000000
2000000000000000
30000
10000
400000
10000000000
400000
400000000000000
6000000000
560000000000
2800000000
7200000
1400000
180000
450000000
810000000
800000000
6000000000000
600000000000
45000000000
900000000000000
5600000000
3200000000000000
4500000000000
30000000000000000000
2400000000000
1800
8000000000000
60000
2800000000000
450000000000
7200000000000
4800000000000000
21000000000
450000000
400
3000000000
600
2400000000000
10000000
3000000
400000000000000
42000000000000000
200000000000
21000000
70000
3600000000000000
500000000000
16000000000000
5600000000000000
64000000000
140000
70000000000000
72000000
2800
360000000000
24000
21000000
360000000
25000000000
1000000000000
140000000000000000
5000000
8000000
1400000000000
1500
2000000000
350000
700000000000000000
270000
1600000000000
360000000000000
80000000000
1800000000000000
240000
3000000
210000000000
20000000
21000000
80000000000000
6400
18000000000000
16000000
1800000000
28000000000000
480000000000
12000000
80000000000
2400000
16000000000
40000000000000000
2400000000
3000000000000
18000000000
800
4900000000000
200000000000000000
4000000000000
600000
1400000
60
4200000000
120000000
4200000
35000000000000
600000000
120000000000000000
14000000
42000
6000000000
9000000000
6400000000
4200000000
2400000
150000000000000
2400000000
350000000000000000
320000
1800000000000
28000000000000000
800000000000000
450000
640000000000
400000000000000
36000000000
3500000000
560000000000000
54000000
1200000000000
490000000000000
15000
6000
240000000
35000000000
4900000000
7000000000
300
20000000000000
360000000000
10000000000000
5400000
3500
60000
250000000000
300000000000
2800000
6000000
50000
240000000
24000000
54000000
2400000000000
60000000
2000000000000000
4500000
480000000000000000
9000000000
300000000
160000000
8100000000
16000
80000000000
2400000000000
3500000000000000
90000000
240000000
12000000000
540000000000000000
5600000000
2100
140000000000
70000000
3000000000000
200000000000
500000000
3000000000000000
4000000000
350000000000000000
300000000000000000
1200000000000
1800000
8000000000000
800000000000
300000000
81000000000000
1500000000000
450000000000
6300000000000
54000000
1200000000
180000000
36000000000
400000000000
560000000000000
120000000000
32000000
200000000000000
60000000
160000000
810000000000
70000000000000
6000000000
2400000000000
2400
40000000000000000000
140000
200000
1400000000
4000
8000000
36000000000
800000
1200000000
1400000000000
21000000
80000000
350000000000000000
16000000000000
6000000
4200000000000000
7000000000
300000000000000
720000
270000000
450000000000
49000000000000
27000000000
270000
12000000000
60000000000
3000000
1200
21000000000000000
900000000000
1800000000
120000
3600000000000000000
400000
300000000000000
28000000
400000000
24000000000
32000000
360000000000000000
14000000
150000000000
90000000
560000000000
900000
10000000000000
27000000000
16000000000
8000000000000
24000000000000000
72000000000000
800000000
3000000
600000000
45000000000000
630000
450000000
2400000000000000
600000000000000
180000000000000
4200000000000000000
400000
100000000000
64000000
2000
250000000
4900000000
240000000
18000
20000
48000
600000000
63000000
60000000000
480000000000000000
3600000000
56000000000000
8100000000
720000000000000
8000000
4800000000000000
56000000000
16000000000
12000000000000
320000000000
1800000000000000
90000
250000
200000000
180000000
320000000000
8000000000
70000000000000
720000000000000
160000
180000000000
24000000
240
1600000000000000000
56000000000
800000000
2000000000
4200000000000000
240000000000
15000000000
1800000000
350000000000
28000000000000
6000000000000000
3600000000000000000
3500000000
300000000000000
2100000000000000
1600000
450000000
3200000000
6000000
48000000000
280000000000
240000000000
100000000
120000000
6000000
1600000000
60000000000000000
630000000
2000000
12000000
1800000
21000000000
300000
3600
49000000000000000000
420000000000000
120000000000000
2000000000000000000
6000000
900000000000
15000000000000000
90000000000000
4000000000000000
6000
240000
15000000000000
4000000
200000000000000
6000
72000000000
1800000000000000
450000000000
320000
600000000000
360000
16000000000000
180000000000
2000000000000000
240000000000
600000000000
700000000000
200000000
40000000
6300000000000
90000
240000000000
160000000000000000
400
600
30000000000
24000000000000000
5600000000
14000000000
54000000000
40000
180000000000000
480000000
90
1200000000000
3200000000000
120000000000
9000000
900000000000
5600000000000
70000000000
1800000
250
8000000
900000000000000
360000
210000000000
42000000000000
40000000000000
1500000000000000
240000000000
5000000000
2400000000000
48
450000000000
20000000000000
2500000000000
900000000
28000000
36000
2800000000000
70000000000
25000000000000000
20000000000
9000000000000000
80000
320000000000
1600000000000000
180000000000
60
100000
2100000
480000000000
3000000
9000
240000000
350000000000000
49000000000000000
640000000000
3600
6300000000
120000000000000000
320000000000000000
1000000000
140000000000
54000000000000000000
90000
1800
1600000000
5000000000000000
2400000000
60000000000
1200000
80000000000000000
2400000000000000
3600000000
50000000
18000000000
720000000000000000
200000000000
45000000000000000000
81000000000
1000000000000000000
490000000000
27000000
10000000000000000
160
560000000
2800000
18000
14000000000000000
250000000000
160000000
42000000000000
2400000000000
15000000
60000000000000000
2400000000
2800000000000000
400000000000
45000000000
5000000000
3600
35000000000000
6400000000000000
6000000000000000
7200000000
14000
2400000000
3600000000000000
300000000000
300000000000000
800000000000000
35000000000000000000
72000000000000000
6000000000000000
5400000000000
40000000
280000000
800000000000
12000
12000
200000
14000000
1800000000000
5000000000000000
15000000000000000
5000000
60000000
2000000000000000
4000000000000
9000
450000000000
90000000000
21000
3000
63000000000
3000000000
36000000000
24000000000000
3200000000
4000000000000
18000
5600000
4200000000000
9000000000
1000000000000000000
4000000000000
40000
560000000
9000000000
36000000000000000000
15000000000
10000000
90000000
1200000000
10000000000
600000000000000
4000000000000
2000000000
320000000000
2700000000
81000
45000000000000
35000000000000
2000
3600000000
700000
300000
20000000000000
2400000000000000
6300000000000
700000000
240000
1600000000000000000
1500000
120000000000000
21000
1200000000
5000
8000000000
24000000
12000000000
3200000000
200000000
1600000000
150000000000000
3000000000000
36000
32000000000000
360000000000000000
60000000000
9000000
2000000
20000000000
24000
70000000000000
400000
2000000000
630000000000
270000000
600000000000000000
900000
100000000
280000000
15000000000000
540000
360000000000000000
