400000000000000000000000000000000000000
320000000000000000
32000000000000
70000000000000000000000000000000000000000000000000000000000000000000000000000000
240000000000
81000000000000000000000000000000000000000000000000000
18000000000000000000000000000000000000000000000000000000000000000000
350000000000000000000000000000000000000000000000000000000
6300000000000000000000000000000000000000000000000000
700000000000000000000000000000000000000000000000000000
180000000
40000000000000000000000000000000000000000000000000000000000000000000000000000000
720000000000000000000000000000000000000000000000000000000000000000
80000000000000000000000000000000000000000000000000000000000000
2700000000000000000000000000000
300000000000000000000000000000000000000000000000
4000000000000000000000000000000000000000000000000000000000000000000000
800000000000000000000000000000000000000000000000000000000000000000000000000000000000000000
54000000000
280000000000000000000000000000000000000000000000000000000000000000000
6300000000000000000000000000000000
200000000000000000000000000000000000000000
640000000000000000000000000
4000000000000000000000000000000000000000000000000000
54000000000000000000000000000000000
120000000000000000000000000000000000000000000000000000000000000000000000000000000000000
3500000000000000000000000000000000000000
42000000000000000000000000000000000000000000000000000000000000
90000000000000000000000000000000
28000000000000000000000000000000000000000000000000000000000000000000000000000000000
24000000000000000000000000000000000000000000000000000000000
540000000000000000000000000000000000000000000000000000000000
200000000000000000000000000000000000000000000000000000000
20000000000000000000000000000000000000000000000000000000000000000000000000
4800000000000000000000000000000000000000000000000
30000000000000000000000
400000000000000000000000000000000000000000000000000000000000000000000000000
2700000000000000000000000000000000000000000000000000000000000000000000000000000000
4500000000000000000000000000000
56000000000000000000000000000000000000000000000000000000
2000000000000000000000000000000000000000000000000000000000000
720000000000000000
600000000000000000000000000000000000000
20000000000000000000000000000000000
40000000000000000000000000000000000000000000000
800000000000000000000000000000000000000000
150000000000000000000
4000000000000000000000000000000000000000000000000000000000
2000000000000000000000000000000000000000000000000000
180000000000000000000000000000000000000000000
2400000000000000000000000000000000000000000000000000000000000000000000000
800000
20000000000000000000000000000000000000000000000000000000000000000000000
210000000000000000000000000000000000000000
120000000000000000000000000000000
1800000000000000000000
1800000000000000000000000000000000000000000
2400000000000000000000000000000000000000000
1600000000000
7000000000000000000000000000000000000000000000
160000000000000000000000000000000000000000
640000000000000000000000000000000000000000000000000000000000000000000000000000000000000
6000000000000000000000000000000000000000
350000000000000000000000000000000000000000000000000000000000000
1200000000000000000000000000000000000000000000000000000000000000
50000000000000000000000000000000000000000000000000000000000000000000000000000
24000000000000000000000000
24000000000000000000000000000000000000000000000000
56000000000000000000000000000000000000000000000000000
4800000000000000000000000000000000000000000000000000000000000
60000000000000000000000000000000000000000000000000
6400000000000000000000000000000000000000000000000000
18000000000000000000000000000000000000000000000000
1500000000000000000000000000000000000000000000000000000000000000000
4000000000000000000000000000000000000000000000000000
50000000000000000000000000000000000000000000000
1200000000000000000000000000000000000
3500000000000000000000000000000000000000000000000000000000000000000000000000000000
35000000000000000000000000000000000000000000000000000000000000000000000
9000000000000000000000
63000000000000000000000000000000000000000000000000000000000000000000000000000000
3000000000000000000000000000000000000000000000000000000000000
300000000000000000000000000000000000000000000000
4000000000000000000000000000000000000000000000000000
1200000000000000000000000000000000000000000000000
30000000000000000000000000000000000000000000000000000000000000
36000000000000000000000000000000000000000000000000000000000000000000000000000000000000000
180000000000000000000000000000000000000000000000
32000000000000000000000000000000000000000000000000000000000000000000000000000000000
4900000000000000000000000000000000000000000000000000000000000000000000000000000
80000000000000000000000000000000000
8100000000000000000000000000000000
900000000000000
180000000000000000000000000000000000000000000
48000000000000000000000000000000000000000000000000000
400000000000000000000000000000000000000000000000
24000000000000000000000000000000000000000000000000000000000000000
320000000000000000000000000000000000000
18000000000000000000000000000000000000000000000000000000000000000000
400000000000000000000000000000000000000000
240000000000000000000000000000000
350000000000000000000000000000000000000000000000
18000000000000000000
27000000000000000000000000000000000000000000000000000000000000
160000000000000000000000000000000000000000000000000000000000000000000000
320000000000000000000
600000000000000000000000000
8000000000000000000000000000000000000000000000000000000
10000000000000
2000000000000000000000000000000
54000000000000000000000000000000000000000000000000000000000000000
600000000000
3600000000000000000000000000000000000000000000000000000000000000
200000000000000000000000000000000000000000000000000000000000000000000000000000
40000000000000000000000000000000000000000000000000000000000000000000000
450000000000000000000000000000000000000000000000000000
1800000000000000000000000000000000000000000000000000000000
1000000000000000000000000000000000000000000000000000000000
3500000000000000000000000000000000000000000000000000000000000000
60000000000000000000000000000000000
120000000000000000000000000000000000000000000000
900000000
320000000000000000000000000000000000000000000000000000000000000000000000
56000000000000000
16000000000000000000000000000000000000000000000
100000000000000000000000000000000000000000000000000000000000000000000
720000000000000000000000000000000000000000000000000
4500000000000000000000000000000000000000000000
42000000000000000000000000000000000000000000000000000
60000000000000000000000000
4000000000000000000000000000000000000000000000000000000000000000
36000000000000000000000000000000000000000000000
1200000000000000000000000000000000000000000000000000000000000000000000000
6300000000000000000000000000000000000000000000
16000000000000000000
16000000000000000000000000000000000000000000000000000000000000000000000000
270000000000000
2400000000000000000000000000000000000000000000000000000000000000000000000000000000000000000000
1200000000000000000000000000000000000000000000000000
20000000000000000000000000000000000
6300000000000000000000000000000000000000000000000
2100000000000000
1400000000000000000000000000000000000000000000000000000000000000000000000
90000000000000000000000000000000000000
36000000000000000000000000000000
54000000000000000
490000000000000000000000000000000000000000000000000000000000000000000000000000
300000000000000000000000000000000000000000000000000000000000000000000000000000000000000000
4800000000000000000000000000000000000000000
540000000000000000000
3000000000000000000000000000000000000000000000000
63000000000000000000000000000000000000000000000000000000000000000000000000000000
270000000000000000000000000000000000000000000000000000000000000000000000000000000000000000000000
1000000000000000000000000000000000
280000000000000000
240000000000000000000000000000000000000000
700000000000000000000000000000000000000000000
6400000000000000000
3500000000000000000000000000000000000000000000000000000
720000000000000000000000000000000000
720000000000000000000000000000000000000000000
180000000000000000000000000000000000000000000000000000000000
320000000000000000000000000000000000000000000000000000000000000000000000000000
200000000000000000000000000000000000000000000000000000000000000000000000000000000
4200000000000000000000000000000000000000000000000000000000000000
100000000000000000000000000000000000000000000000
80000000000000000000000000000000000000000000000
320000000000000000000000000000000000000000000000000
1200000000000000000000000000000000000000000000000000000000000000000000
20000000000000000000000000000000000000000000000000000000000000000000
24000000000000000
80000000000000000000000000000000000000000000000000000000000000000000000000000
400000000000000000000000000000000000000000000000000
3000000000000000000000000000000000000000000000000000000000000000000000000
5600000000000000000000000000000000000000000000000000000000000000000
2400000000000000000000000000
1600000000000000000000000000000000000000000000000000000000000000000
180000000000000000000000000000000000000000000000000000000000000000000000000000
6000000000000000000000000000000000000000000
1500000000000000000000000000000000000000000000000000000000000000000
420000000000000000000000000000000000000000000000000000000000000000000000000000000000000000000000000
6300000000000000000000000000000000000000000000
1400000000000000000000000
1000000000000000000000000000000000000000000000000
8000000000000000000000000000000000000000000000000000000000000
600000000000000000000000000000000000000000000000000000000000000000000000000000000
2700000000000000000000000000000000000000000000000000000000000
240000000000000000000000000000000000000000000000000000000000000
6400000000000000000000000000000000000
4800000000000000000000000000000000000000000000000
32000000000000000000000000000000000000000000000000000000000000000000000
12000000000000000000000000000000000000000000000000000000000
720000000000000000000000000000000000000000000000000000000000000
10000000000000000000000000000000000000
560000000000000000000000000000000000000000000000000
160000000000000000000000000000000000000000000000000000000000000000000000
800000000000000000000000000000000000000000000000000000000000000000000000000000000
1000000000000000000000000000000000000000000000000
320000000000000000000000000000000000000000000000
56000000000000000000000000000000000000000000000000000
2400000000000000000000000000000000
80000000000000000000000000000000000000000000000000000000000000000000000000000
3500000000000000000000000000000000000000000000
63000000000000000000000000000000000000000000000000000000000000000000000000000000000000
24000000000000000000000000000000
2400000000000000000000000000000000000
600000000000
7200000000000000
1000000000000000000000000000000
48000000000000000000000000000000000000000000000000000000000000000
3000000000000000000000000000000000000000000000000000000000000
400000000000000000000000000
72000000000000000000000000000000000000000000000
16000000000000000000000000000000000000
500000000000000000000000000000000000000000000000000000000
4000000000000000000000000000000000000000000000000000000000000000
4200000000000000000000000000000000000000000000000000000000000000000000000
50000000000000000000000000000000000000000
400000000000000000000000000000000000000
250000000000
600000000000000000000000000000000000
1600000000000000000000000000000
20000000000000000000000000000000000000000000000000000000000000000000000
32000000000000000000000000000000
64000000000000000000000000000000000000000000000000000000000000000000
6000000000000000000000000000000000000000000000000000000000
480000000000000000000000000000000000000000000000000000000000
48000000000000000000000000000000000000000000000000000000000000000000000000
7200000000000000000000000000000000000000000000000
81000000000000000000000000000000000000000000000000000000000000
24000
16000000000000000000000000000
72000000000000000000000
40000000000000000000000000000000000000000000000000000000000
4500000000000000000000000000000000000000000000000000000000000000000000000000000000000
210000000000000000000000000000000000000000
1600000000000000000000
5000000000000000000000000000000000000000000000000000000000000000
5400000000000000000000000000000000000000000
36000000000000000000000000000000000000000000000000000000000000000000000000
7200000000000
400000000000000000000000000000000000
280000000000000000000000000000000000000000000000000000000000000000000000000000000000000000000
300000000000000000000000000000000000000000000000000000000000000000000000000
150000000000000000000000000000
3600000000000000000
3500000000000000000000000000000000000000000000000000000000000000000000000
6000000000000000000000000000000000000000000000000000000000000000000000000000000000000000000
3000000000000000000000000000000000000000000
2700000000000000000000000000000000000000000000
630000000000000000000000000000000000000000000000
800000000000000000000000000000000000000000000000
5400000000000000000000000000000000000000000000000
270000000000000000000000000000000000000000000000000000000
300000000000000000000000000000000000
1400000000000000000000000000000000000000000000000
10000000000000000000000000000000000000000000
300000000000000000000000000000000000000
7000000000000000000000000000000000000000000000000000000000000000000000000000000000000000000
180000000000000000000000000000000000000000000000000000000
2800000000000000000000000000000000000000000
7200000000000000000000
5000000000000000000000000000000000000000000000000000000000000000000000000
15000000000000000000000000000000000000000000000000
16000000000000000000000000
240000000000000000000000000000000000000000000000000000000
270000000000000000000000000000000000000000000000000000000000000000000000000
4500000000000000000000000000000000000000000000000000
210000000000000000000000000000000000000000000000000000000000000
1000000000000000000000000000000000000000000000000000000000000000000000000000000000000
280000000000000000000000000000000000000000000000000000000000000
120000000000000000000000000000000000000000000000
12000000000000000000000000000000000000000000
1200000000000000000000000000000000000000000000000000000000
7000000000000000000000000000
250000000000000000000000000000
1800000000000000000000000000000000000000000000000000000000000000000000000000000
420000000000000000000000000000000000000
4000000000000000000000000000000000000000000000000000000
12000000000000000000000000000000000000000000000000000000000000000000000000
4000000000000000000000000000000000000000000000000000000
24000000000000000000000000000000000000000000000000000000
70000000000000000000000000000000000000000000000000000000000000
60000000000000000000000000000000000000000000000000000000000000
2800000000000000000000000
200000000000000000000000000000000000000000000
7000000000000000000000000000000000000
14000000000000000000000000000000000000000000000
2400000000000000000000000000000000000000000000000000000000000000000000000000000000000000
800000000000000000000000000000000000000000000000000000000
1400000000000000000000000000000000000
2100000000000000000000000000000000000000000000000000000000
4800000000000000
640000000000000000000000000000000000000000000000
45000000000000000000000000000000000000000000000000000
280000000000000000000000000000000000000000000000
72000000000000000000000000000000000000000000000000000000000000000000000000
160000000000000000000000000000000000000000
300000000000000000000000000000000000000000000000
3200000000000000000000000000
6000000000000000000000000000000000000000000000000000000000000000000000000000000000000000
2700000000000000000000000000000000000000000000000000000000000000000
800000000000000000000000000000000000000000000000000000000
180000000000000000000000000000000000000000
6400000000000000000000000000000000000000000000000000000000
2100000000000000000000
700
30000000000000000000000000000000000000000000000000000000000000000000000000
56000000000000000000000000000000000000000000000000000000000000000000
560000000000000000000000000000000000
1000000000000000000000000000000000000000000000000000000000
30000000000000000000000000000000000000000000000000000000000
280000000000000000000000000000000000000000000000
6000000000000000000000000000000000000000000000000000
54000000000000000000000000
180000000000000000000000000000000000000000000000000
54000000000000000000000000000000000
2400000000000000000000000000000000000000000000000000000000000
300000000000000000000000000000000000000000000000000000000000000
120000000000000000000000000000000000000000000000000000000000
1800000000000000000000000000000000
400000000000000000000000
16000000000000000000000000000000000000000000000000000000
40000000000000000000000000000000000000
720000000000000000000000000000000000000000000000000000000000000000000000000000000000
360000000000000000000000000000000000000000000000000
30000000000000000000000000000000000000000000000000000000000000000000000000000000000000000000000000
6000000000000000000000000000000000000000000000000000000000000000000000000000
300000000000000000000000000000000000
12000000
2400000
160000000000000000000000000000000
4500000000000000000000000000000000000000000000000000000000000
50000000000000000000000000000000000000000000000000000000000000000
5400000000000000000000000000000000000000000000000000000
2000000000000000000000000000000000000000000000000000000000000000000000000000000000000000000000000000
1200000000000000000000000000000000000000000000000
4900000000
240000000000000000000000000000000000000000000000
5000000000000000000000
600000000000000000000000000000000
3600000000000000000000000000000000000000000000
160000000000000000000000000000000000000000000000000000000000000000000000
50000000000000000000000000000000000000
36000000000000000000000000000000000000000000
30000000000000000000000000000000000000000000000000000
180000000000000000000000000000000000000000000000000000000000000000000000
180000000000000000000000000000000000000000000000000000000000000000000
120000000000000000000000000000000000000000000000000000000000000
150000000000000000000000000000000000000000000000000000000000000
120000000000000000000000000000000000000000000000000000000000000000
2000000000000000000000000000000000
12000000000000000000000000000000000000000000000000
7200000000000000000000000000000000000000000000000000000000000000000000000000000000000
27000000000000000000000000000000000000
3000000000000000000000000000000000000000000000
270000000000000000000000000000000000000000000000000000000000
810000000000000000000000000000000000000000
2400000000000000000000000000000000000000000000000000000000000000000000000
4500000000000000000000000000000000000
4000000000000000000000000000000000000000000
800000000000000000000000000000000000000000000000000
9000000000000000000000000000000000000000000000000000000000000
300000000000000000000000000000000
50000000000000000000000000000000000000000000000000000000
2000000000000000000000000000000000000000000000
160000000000000000000000000000000000000000000000000000000000000000000000000000000
5000000000000000000000000000000000000000000
15000000000000000000000000000000
1200000000000000000000000000000000000000
30000000000000000000000000000000000000000
7000000000000000000000000000000000000000000000000000000000000000000000000000000000
12000000000000000000000000000000000000000000000000000000000000000000
900000000000000000000000000000000000000000000000000000000000
27000000000000000000000
630000000000000000000000000000000000000000000
30000000000000000000000000000000000000000
7200000000000000000000000
810000000000000000000000000000000
1400000000000000000000000000000000000000
4000000000000000000000000000000000000000000000000000000000000000000000000000
4800000000000000000000000
10000000000000000000000000000000000000000
25000000000000000000000000000000
30000000
800000000000000000000000000000000000
5600000000000000000000000000000000000000000000000000000
1500000000000000000000000000
60000000000000000000000000000000000000000000000000000000000000000000000000000000000000
600000000000000000000000000000000000000000000
50000000000000000000000000000000000000000000000000000000
3200000000000000000
2000000000000000000000000000000000000
3000000
1200000000000000000000000000000000000000000000000000000
600000000000000000000000000000
10000000000000000000000000000000000000000000000000
1200000000000000000000000000000000000000
240000000000000000000000
6400000000000000000000000000000000000000000000000000000000
900000000000000000000000000000000000000000000000
90000000000000000000000000000000000
600000000000000000000000000000000000000000
900000000000000000000000000000000000000000000000000000000000
4800000000000000000000000000000000000000000000
300000000000000000000000000000000000000
4000000000000000000000000000000000000
6000000000000000000000000000000000000000000000000000000000
540000000000000000000000000000000000000000000000000000000000000000000000000000000000000000
20000000000000000000000000000000
900000000000000000000000000000000000000000000000000
120000000000000000000000000000000000000000000000000000000
40000000000000000000000000000
80000000000000000000000000000000000000000000000000000000000000000000000000000000
400000000000000000000000000000000000000000000000000000000
160000000000000000000000000000000000000000000
270000000000000000000000000000000000000
18000000000000000000000000000000000000000000000000000000000000000000000000000000000
18000000000000000000000000000000
800000000000000000000000
1600000000000000000000000000000000000000000000000000000000000000000000000000000
420000000000000000000000000000000000000000000000000000
900000000000000000000000000000000000000000000000000000000
70000000000000000000000000000000000000000000000000000000000000000
360000000000000000000000000000000
27000000000000000000000000000000000000000000000000000000000000000000000000000
21000000000000000000000000000000000000000000000000000000000000
240000000000000000000000000000000000000000000000000
5000000000000000000000000000000000000000000000000000000000000000000000000000000000000
54000000000000000000000000000000000000000
360000000000000000000000000000000000000000
1600000000000000000000000000000000000000000000000000000000000000000
400000000000000000000000000000000000000000000000000000000000000000000000000000
100000000000000000000000000000
140000000000000000000000000000000000
2100000000000000000000000000000000000000000000000000000000000000000000
10000000000000000000000000000000000000000000000000000000000000000000000
3600000000
56000000000000000000000000000000000000000000000000000
500000000000000000000000000000000000000000000000000000000000000
6000000000000000000000000000000000
25000000
200000000000000000000000000000000000000000000000000000000000000000000000000000000
4500000
81000000000000000000000000000000000000000000000000000000000000000000000000
70000000000000000000000000000000000000000000
12000000000000000000000000000000000000000000000
6000000000000000000000000000000000000000000000000000000
40000000000000000000000000000000000000000000000000000000000000000000000000000000000000
4000000000000000000000000000000000
18000000000000000000000000000000000000000000000000000000000000000000000000000000000000000000000000
30000000000000000000000000000000000000000000000
4800000000000000000000000000000000000000000000000
6300000000000000000000000000000000000000000
3500000000000000000000000000000000
2400000000000000000000000000000000000000000000
2800000000000000000000000000
160000000000000000000000
9000000000000000000000000000000000000000000000000000000000000
600000000000000000000000000000000000000000000000000000000000
10000000000000000000000000000000000000
300000000000000000000000000000000000
36000000000000000000000000000000000000000000000000000000000000000
6000000000000000000000000000000000000000000000000000000000000000000000000000000000000
2700000000000000000000000000000000000000000000000000
15000000000000000000000000
700000000000000000000000000000
40000000000000000000000000000000000000000000
720000000000000000000000000000000000000000000000000000000000000000000000000000000000
70000000000000000000000000000000000000000
1000000000000000000000000000000000000000000000000000000000000000000000
3000000000000000000000000000000000000000000000000000000000000000000000000000000
18000000000000000000000000000000000000000000000
270000000000000000000000000000000000000000000000000000
1800000000000000000000000000000000000000000000000000000
4000000000000000000
42000000000000000000000
72000000000000000000000000000000000000000000000000000000000000000000000
160000000000000000000000000000000000000000
2000000000000000000000000000000000000000000000000000000000000000000000000000000000000
1000000000000000000000000000000000000000000000000000000000000000000000000000000
300000000000000000000000000000000000000000
35000000000000000000000000000000000000000000000
120000000000000000000000000000
700000000000000000000000000000000000000000000000000000000000000000000000000000000000000
60000000000000000000000000000000000000000000000000000000000000000000000
2000000000000000000000000000000000000000000000000000000000000000000000000000000
20000000000000000000000000000000000000
1200000000000000000000000000000000000000000000000000000000000000
90000000000000000000000000000000000000000000
35000000000000000000000000000
54000000000000000000000000000
54000000000000000000000
560000000000000000000000000000000000000000000000000
27000000000000000000000000000000000000000000000000000000000000000000000
80000000000000000000000000
7000000000000000000000000000000000000000000000000000
160000000000000000000000000000000000000000000000000000000
60000000000000000000000000000000000000000000000
12000000000000000000000000000000000000000000000
4500000000000000000000000000000000000000000000000000000000000000000000000000000000000000000
36000000000000000000000000000000000000000000000
8000000000000000000000000000000000000000000000000000000000000000000000000000
480000000000000000000000000000000000000
720000000000000000000000000000000000000000000000000
80000000000
600000000000000000000000000000000000000
180000000000000000000000000000000000000000000000000000000000000000000000000
3000000000000000000000000000000000000000000000000
30000000000000000000000000000000000000000000000000000000
72000000000000000000000000000000000000000
800000000000000000
40000000000000000000000000
20000000000000000000000000
240000000000000000000000000000000000000000000000000
40000000000000000000000000000000000000000
900000000000000000000000000000000000000000000000000000000000000000
180000000000000000000000000000000000000000000000000000
180000000000000000000000000000000000000000000000000
24000000000000000000000000000000000000000000000000000000000000000
30000000000000000000000000000000000
400000000000000000000
80000000000000000000000000000000000000000000000000000000000
2500000000000000000000000000000000000000000000000000000000000000000000000000000000000
70000000000000000000000000000000000000000
2400000000000000000000000000000000000000000000000000
800000000000000000000000000000000000000000000000000000000000000000000000000
36000000000000000000000000000000000000000000000000000000000000000
10000000000000000000000000000000000000
7000000000000000000000000000000000000000000000000
4000000000000000000000000000000000000000000000
120000000000000000000000000000000000000000000000000000000000000000000
100000000000000000000000000000000000000000000000
1400000000000000000000000000000000000
24000000000000000000000000000000000000000
2400000000000000000000000000000000000000000000000000000000000000000000000
2100000000000000000000000000000000000000000000000000000000000000000000
120000000000000000000000000000000000000000000000000000000
80000000000000000000000000000000000000000000000
1600000000000000000000000000000000000000000000000000000000000000000000000000000
480000000000
40000000000000000000000000000000000000000000000000000000
35000000000000000000000000000000000000000000000000000000000000000000000000
9000000000000000000000000000000000000000000000000000
9000000000000000000000000000000000000
270000000000000
350000000000000000000000000000000000000000000000000000000000
50000000000000000000000000000000000000000000000000000000000000000000000000000000
240000000000000000000000000000000000000000000000000
1400000000000000000000000000000000000000000000000000000000
80000000000000
500000000000000000000000000000000000000000000000000000000000000000000000000000000000000000
3600000000000000000000000000000000000000000000
5400000000000000000000000000000000000000000000000000000000000000000000000000000000
160000000000000000000
48000000000000000000000000000000000000000000000000000000000000000000000000000
7200000000000000000000000000000000000000000000000000000000000
5000000000000000000000000000000000000000000000000000000000000000000000000000000000
32000000000000000000000000000000000000000000000000000000
10000000000000000000000000000000000000000000000000
56000000000000000000000000000
70000000000000000000000000000000000000000000000000000000000000000000000000
60000000000000000000000000000000000000000000000000000000000
6300000000
160000000000000000000000000000000000000
24000000000000000000000000000000000000
240000000000000000000000000000000000000000000000000000000000000000000000
100000000000000000000000000000000000000000000000000
180000
8000000000000000
8000000000000000000000000000000000000000000
27000000000000000000000000000000000000000000000
60000000000000000000000000000000000000000000000
4800000000000000000000000000000000000
2700000000000000000000000000000000000000000000000000000
40000000000000000000000000000000000000000000000000000000000
2000000000000000000000000000
420000000000000000000000000000000
540000000000000000000
40000000000000000000000000000000000000000000000000000000000000
7000000000000000000000000000000000000000000000000
630000000000000000000000000000000000000000000000000000000000000000000
8000000000000000000000000000000000000000000000000000000000000000000000000000000
7200000000000000000000000000000000000000000000000000000000000000000000000000
400000000000000000
9000000000
1400000000000000000000000000000000000000000000000000000000000000000000
9000000000000000000000000000000000000000000000000000000000000000000000000000
6300000000000000000000000000000000000000000000000000000000000000
5000000000000000000000000000000000000000000
5400000000000000000000000000000000000000000000000000000000
900000000000000000000000000000000000000000000000000000
600000000000000000000000000000000000000000000
24000000000000000000000000000000000000000000000000000000000000
24000000000000000000000000000000000000000000000000000000000000000000000000000000000000000
300000000000000
1200000000000000000000
28000000000000000000000000000000000000000000000000
20000000000000000000000000000000000000000000000
3000000000000000000000000000000000000000000000000000000000
3000000000000000000000000000000000000000000000000000000000000000000000
2000000000000000000000000000000000000000
300000000000000000000000000000000000000000000000000000
800000000000000000000000000000000000000
400000000000000000000000000000000000000
900000000000000000000000000000000000000000000000000000000000000000000000000000000000000000
200000000000000000000000000000000000000000000000000000000000000000000000000000000000000000000000
56000000000000000000000000000000000000000000
2800000000000000000000000000000000000000000000000000000000000000000000
12000000000000
3000000000000000000000000000000000000
24000000000000000000000000000000000000000000000000000
5600000000000000000000000000000000000000000000000000000000000000000000000000000000000000000000
3500000000000000000000000000000000000000000000000
7200000000000000000000000000000000000000000000000000000000000000000000000
10000000000000000000000000000000000000000000000000
120000000000000000000000000000000000000000000000000000000
30000000000000000000000000000000000000000000000000000000
450000000000000000000000000000000000000000000
300000000000000000000000000000000000000000000
2500000000000000000000000000000000000000000000000000000
6000000000000000000000000000000000000000000000000000000000000000000
140000000000000000000000000000000000000000000000000000000000000000000000000000000000000000000000
320000000000000000000000000000000000000000000
420000000000000000000000000000000000000000
150000000000000
180000000000000000000000000000000000000000000000000000000000000000000000000
24000000000000000000000000000000000000000000000000000000
120000000000000000000000000000000000000000000000000
60000000000000000000000000000000000000000000000000
3000000000000000000000000000000000000000000000000000
2400000000000000000000000000000000000000
1400000000000000000000000
1200000000000000000000000000000
1800000000000000000000000000000000000000000000000000000000000000000000000000000000
4800000000000000000000000000000000000000000000000000000
240000000000000000000000000000
2800000000000000000000000000000000000000000000000000000000000000000000000000000000000000000000000
4000000000000000000000000000000000000000000000000000000000000
450000000000000000000000000000000000000000000000000000000
3000000000000000000000000000000000000000000000000000000000000000000000000
270000000000000000000000000
72000000000000000000000000000000000000000000000000000000000000000000000
10000000000000000000000000000000000000000
42000000000000000000000
36000000000000000000000000000000000000000000000000
2000000000000000000000000
10000000000000000000000000000000000000000000000000000000
15000000
700000000000000000000000000000000000000000000
350000000000000000000000000000000000000000000000
1200000000000000000000000000000000000000000000000000
300000000000000
6300000000000000000000000000000000000000000000000000000000000000000000000000000
70000000000000000000000000000000000000000000000000000000000000000000000
4900000000000000000000000000000000000000000000000000000000000000000000000000000000000
300000000000000000000000000000000000000000000000000000000000000000000000000000000000
240000000000000000000000000000000000000000000000000000000
18000000000000000000000000000000000000000000000
40000000000000000000000000000000000000000000000000000000000000
4900000000000000000000000
150000000000000000000000000000000000000000000000000000000000000
15000000000000000000000000000000000000000000
63000000000000000000000000000000000000000000000000000000000000000000000000
48000000000000000000000000000000000000000000000000000000000
600000000000000000000000000000000
1200000000000
3600000000000000000000000000000000000000
64000000000000000000000000000000000000000000000000000000000000000000
3000000000000000000000000000000000000000000000000000000000000000000000
100000000000000000000000000000
200000000000000000000000000000000000000000000000000
810000000000000000000000000000000000000000000000000000000000000000000000000
1400000000000000000000000000000000000000000000000000000
70000000000000000000000000000000000000000000000000000000
180000000000000000000000000000000000000000000
42000000000000000000000000000000000000000000000000000000000
18000000000000
800000000000000000
200000000000000000000000000000000000000000000000000000000000000000000000
9000000000000000000000000000000000000000000000000000000000
6300000000000000000000000000000000000000000000000000000000000000000000000000000000000
200000000000000000000000000000000000
20000000000000000000000000000000000000000000000000000000
49000000000000000000000000000000000000000000000000000000000000000000000000000000000
60000000000000000000000000000000000000000000000000000000000000000000000000000000000000000000
30000000000000000000000000000000000
6000000000000000000000000000000000000000000
40000000000000000000000000000000000000000000000000000000000000000000000000000000000000000000000000
4000000000000000000000000000000000000000000000
240000000000000000000000000000000
2800000000000000000000000000000000000000000000000000000000000000000
1400000000000000000000000000000000000000000000000000
81000000000000000000000000000000000000000000000000000
7000000000000000000000000000000000000000000000000000000000000000000000000
32000000000000000000000000000000000000000000000000000000000000000
24000000000000000000000000000000000
2800000000000000000000000000
60000000000000000000000000000000000000000000000000000000000000000
40000000000000000000000000000000000000000000000000000000
1800000000000000000000000000000
80000000000000000000000000000000000000
540000000000000000000000000000000000000000000000000000
1600000000000000000000000000000000000000000000000000000000000000000000000000000000000000000000000
300000000000000000000000000000000000000000000000
4500000000000000000000000000000000000000000000000000000000000000000000000000000000000000000
4000000000000000000000000000000000000000000000000000000000000
42000000000000000000000000000000000000000000000000000000000000000000
36000000000000000000000000000000000000000000000000000000000000
720000000000000000000000000000000000000000
400000000000000000000000000000000000000000000000000
1200000000000000000
21000000000000000000000000000000000000000000000000000000000000
800000000000000000000000000000000000000000000000000000000000000000000000000
4000000000000000000000000000000000000
280000000000000000000000000000000000000000
60000000000000000000000000000000000000000
70000000000000000000000000000000000000000
400000000000000000000000000000000
60000000
100000000000000000000000000000
10000000000000000000000000000000000000000000
280000000000000000000000000
30000000000000000000000000000
18000000000000000000000000000000000000000000000000000000000
56000000000000000000000000000000000000000000000000000000
180000000000000000000000000000000000000000000000000000000000000000000000000
80000000000000
3200000000000000000000000000000000000000000000000000
600000000000000000000000000000000
5400000000000000000000
16000000000000000000000000000000000000000000000000000000000000000000000000000000000000000
6000000000000000000000000000000000000000000000000000000000000000000000000000000
18000000000000000000000000000000000
24000000000000000000000
120000000000000000000000000000000000000000000000000000000000000000000000000
2100000000000000000000000000000
630000000000000000000000000000000000000000000000000000000000000000
6000000000000000000000000000000000000000
200000000000000000000000000000000000000000000000000000000000000
900000000000000000000000000000000000000
5400000000000000000000000000000000000000000
60000000000000000000000000000000000000000
160000000000000000000000000000000000000000000000000000000000
40000000000000000000000000000000000000000000000000000000000000000000000000000000000000
54000000000000000000000000000000000000000000000000000000000000000000000000
63000000000000000000
5600000000000000000000000000000000000000000000000000000000000000000000
50000000000000000000000000000000000000000000000000000000000000000000000000000000000000
80000000000000000000000000000000000000000000000000000000000000
7200000000000000000000000000000000000000000000000000000000000000000000000000000000
60000000000000000000000000000000000000000
7200000000000000000000000000000000000000000000000000000000000
2400000000000000000000000000000000000000000000000000000000000
81000000000000000000000000000000000000
50000000000000000
2500000000000000000000000000000000000000000000000
630000000000000000000000000000000000000000000000000000000000000000
360000000000000000000000000000000000000000
12000000000000000000000000000000000000000000000000000000000000000000000000000000
40000000000000000000000000000000000000000000000000000000000000
36000000000000000000000000000000000000000
60000000000000000000000000000000000000000000000000000000000000
270000000000000000000000000000000000000000000
30000000000000000000000000000000000000000000000000000000000
800000000000000000000000000000000000000000000000000000000
42000000000000000000000000000000000000000000000000000000000000
48000000000000000000000000000000000000000000000000000000
30000000000000000
21000000000000000000
560000000000000000000000000000000000000000000000000
16000000000000000000000000000000000000000000000
300000000000000000000000000000000000000000000000000
1000000000000000000000000000000000000000000000000000000
40000000000000000000000000000000000000000000
2000000000000000000000000000000000000000000000000000000000000000000000
20000000000000000000000
480000000000000000000000000000000000000000000
4000000000000000000000000000000000000000000000000000000000000000000000000
40000000000000000000000000000
72000000000000000000000000000000000000
450000000000000000000000000000
900000000000000000000000000000000000000000000000000000000000000
15000000000000000000000000000000000000000000000000
2000000000000
4000000000000000000000000000000
25000000
35000000000000000000000000000000000000000000000000000000000000000000
640000000000000000000000000000000000000000000000000000000000
3500000000000
49000000000000000000000000
420000000000000000000000000000000000
540000000000000000000000000000000000000000000000000000000000000000
5600000000000000000000000000000000000000000000000
2100000000000000000000000000000000000000000000
80000000000000000000000000
72000000000000000000000000000000000000000000000000000000000000000000000000000000
5600000000000000000000000000000000000000000000000
240000000000000000000000000000000000000000000000000000000
72000000000000000000000000000000000000000000000000
24000000000000000000000000000000000000000000000000000000000000000000000
2800000000000000000000
350000000000000000000000000000000000000000000000000000000000
81000000000000000000000000000000000000000000
3600000000000000000000000000000000000
15000000000000000000000000000000000000000000000000000
2000000000000000000000000000000000000000000000000000
60000000000000000000000000000000000
3200000000000000000000000000000000000000000000000000000
36000000000000000000000000
270000000000000000000000000000000000000000000000000000
100000000000000000000000000000000000000000000000000000000
640000000000000000000000000000000000000000000000000
490000000000000000000000000000000000000000000
540000000000000000000000000000000000000000000000000
900000000000000000000
81000000000000000
48000000000000000000000000000000000000000000000
810000000000000000000000000000000000000000000000000000000000000000000
1200000000000000000000000000000000000000000000000000000000000000000000000000000000
32000000000000000000000000000000000000000000000000000000000000000000000000000000
150000000000000000000000000000000000000000000000000000000
27000000000000000000000000000000000000000000000000000
500000000000000000000000000000000000000000000000000000000000000000000
320000000000000000000000000000000000
12000000000000000000000000000000000000000000000000000000000000000000000000000000000000000
54000000000000000000000000000000000000000000000000000
150000000000000000000000000000000000
160000000000000000000000000000000000000000000000
6300000000000000000000000000000000000000000000000000000000000000000000000000000
48000000000000000000000000000000000000000000000000
1000000000000000000000000000000000000000000000000000000000000000
360000000000000000000000000000000000000
360000000000
360000000000000000000000000000000000000000000000000
140000000000000000000000000000000000000000000000000000000
3600000000000000000000000000000000000000000
1400000000000000000000000000000000000000000000000000000000000000000000000000000000000000000
5600000000
24000000000000000000000000000000000
300000000000000000000000000000000000000000000000000000000
300000000000000000000000000000000000000
2400000000000000000
3000000000000000000000000000000000000000000000
18000000000000000000000000000000000000000000000000000000
40000000000000000000000000000000000000000000000000000000
80000000000000000000000000000000000000000
300000000000000000000000000000000000000000000000000000000
40000000000000000000000000000000000000000000000
800000000000000000000000000000000000000000000000
1800000000000000000000000000000000000000000000000
1800000000000000000000000000000000000
900000000000000000000000000000000000000000000000
3000000000000000000000000000000000000000000000000000000000000000000
3000000000000000000000000000000000000000000000000000000000000000000000000000
1000000000000000000000000000000000000000000000000000000000
300000000000000000000
16000000000000000000000000000000000000000000000000000000000000000000000
2000000000000000000000000000000000000000000000000000000
21000000000000000000000000000
40000000000000000000000000000000000000000000000
480000000000000000000000000
900000000000000000000000000000000000000000000000
140000000000000000000000000000000000000000000000000000000000000000000
18000000000000000000000000000000000000000000000000000000
400000000000000000000000000000000000000000000000000000000000000000
24000000000000000000000000000000000
500000000000000000000000000000000000000000000000000000000000000000000000000000
1800000000000000000000000000000000000000000000000000000000000000
24000000000000000000000000000000000
6300000000000000000000
1200000000000000000000000000000000000000000000000000000000000000000000000
420000000000000000000000000000000000000000000000000000000
3200000000000000000000000000000000000000000
1400000000000000000000000000000000000000000
30000000000000000000000000000000000000000000000
300000000000000000000000000000000000000000000000
160000000000000
2800000000000000000000000000000000000000000000000000
32000000000000000000000000
560000000000000000000000000000000000000000000000000000000000
49000000000000000000000000000000000000000000000000000000000000
45000000000000000000000000000000000
27000000000000000000000000000000000000000000000000000000000
3200000000000000000000000000000000000000000000000000000000000000000000
90000000000000000000000000000000000000000000000000000
4500000000000000000000000000000000000000000000
3600000000000000000000000000000000000000000000000000000000000
4200000000000000000000000000000000000000000
16000000000000000000000000000000000000000000000000
900000000000000000000000000000000000000000000000000000000000000000000000000
14000000000000000000000000000000
300000000000000000000000000000000000000000
12000000000000000000000000000000000000000000000000000000000000000000000
200000000000000000000000000000000000000000000000000
1600000000000000000000000000000000000000000000
16000000000000000000000000000000000000000000000000000000000000
800000000000000000000000000000000000000000000000000000000000000000
70000000000000000000000000000000000000000000000000000000000000000
630000000000000000000000000000000000000000000000000000000000000000000000000000000000000000
32000000000000000000000000000000000000000000000000000000000000000000000000000000000000
350000000000000000000000000000000000000000000000000000000000
500000000000000
2800000000000000000000000000000000000000000000
45000000000000000000000000000000000000000000000000000000
300000000000000000000000000000000000000000000000
8000000000000000000000000000000000000000000000000000000000000000000000000000
30000000000000000000000000000000000
4800000000000000000000000000
56000000000000000000000000000000000000
20000000000000000000000000000000000000000000000
5600000000000000000000000000000000000000000000000000000000
45000000000000000000000000000000000000000
8000000000000000
3000000000000000000000000000000000000000000000000000000000000000000000000000000
6000000000000000000000
4000000000000000000000000000000000000000000000000000000000000000000000000000000
8000
320000000000000000000000000000000000000000000000000
16000000000000000000000000000000000000000000000000000
2000000000000000000000000000000000
2000000000000000000000000000000000000000000
16000000000000000000000000000000000000000
1500000000000000000000000000000000000000000
20000000000000000000000000000
3000000000000000000000000000000000000000000000000000000000000000000
90000000000000000000000000000000000000
70000000000000
2000000000000000000000000000000000000000000000
3200000000000000000000000000000000000000000000
30000000000000000000000000000000000000
360000000000000000000000000000000000000000000000000000000000000000000000000000000
120000000000000000000000000000000000000000000
1200000000000000000000000000000000000000000000000000000000000
160000000000000000000000000000000000000000000
160000000000000000000000000000000000000000000000000000000000000000
360000000000000000000000000000000000000000000000000000000000000000
1800000000000000000000000000000000000000000000000000000000000000000
60000000000000000000000000000000000000000000000000000000000000000000
700000000000000000000000000000000000000000000000000000000000000000
6400000000000000000000000000000000000000000000000000000000
320000000000000000000000000000000000000000000000000000000000000000000
90000000000000
2700000000000000000000000000
27000000000000000000000000000000000000000000000000000000000
350000000000000000000000000000000000000000000000000000
200000000000000000000000000000000000000000000000000000000000000
210000000000000000000000000000000000000000000000000000000000
4500000000000000000000000000000000
500000000000000000000000000000000000000000000000000000000000000000000000
4000000000000000000000000000000000000000000000000
24000000000000000000000000000000000000000000000000000
10000000000000000000
140000000000000000000000000000
240000000000000000000000000000000000000000000000000000000000000000000000000000000000000000
120000000000000000000000000000000000000000000000000000
27000000000000
4900000000000000000000000000000000000000000
10000000000000000000000000000000000000000000
450000000000000000000000
18000000000000000000000000000000000000000000000000000000000000000000000000
400000000000000000000000000000000000000000000000000
300000000000000000000000000000000000000000000000000000000
64000000000000000000000000000000000000000000000000000
81000000000000000000000000000000000000000000000
36000000000000000000000000000000000000000000000000000000000
1600000000000000000000000000000000000000000000000000000
160000000000000000000000000000000000000000000000000000
70000000000000000000000000000000000000000
8000000000000000000000000000000000000000000000000000000000000000000000000000000000000000000
120000000000000000000000000000000000000000000000
48000000000000000000000000000000000000000000000000000000000000000000000000000000000000000
5400000000000000000000000000000000000000000000000000000000000000000000000000000000000000000
1000000000000000000000
280000000000000000
360000000000000000000000000000000000000000
45000000000000000000000000000000000000000000000000000000000000000000000000000000000
280000000000000000000000000000000
4000
2400000000000000
40000000000000000000000000000000000000
810000000000000000000000000000000000000000000000000000000
1800000000000000000000000000000000000000000000000000000000000000
200000000000000000000000000000000000000000000000000000000
12000000000000000000000000000000000000
640000000000000000000000000000000000000000000000000000
400000000000000000000000000000000000000000000
12000000000000000000000000000000000000000000000
8100000000000000000000000000000000000000000000
200000000000000000000000000000000000000000000000000000000000
3500000000000000000000000000000000000000000000000000000
600000000000000000000000000000000000000000000000000000000000000000000000000
700000000000000000000000000000000000000
720000000000000000000000000000000000000000000000000000000000000
360000000000000000000000000000000000000000
14000000000000000000000000000000000000000000000000000000000000000000000000000000
64000000000000000000000000000000000000000000000000000000000000
5600000000000000000000000
1000000000000000000000000000000000
240000000000000000000000000000000000000000000000000000000
